2018-10-22 13:51:32.330 INFO  [main][DialectDetector:158] Using dialect org.hibernate.dialect.MySQLDialect for MySQL 5.7
2018-10-22 13:51:34.435 INFO  [main][ModuleFrameworkImpl:1326] Starting initial bundles
2018-10-22 13:51:35.071 INFO  [main][ModuleFrameworkImpl:1589] Started initial bundles
2018-10-22 13:51:35.074 INFO  [main][ModuleFrameworkImpl:1624] Starting dynamic bundles
2018-10-22 13:51:47.929 INFO  [main][ModuleFrameworkImpl:1736] Started dynamic bundles
2018-10-22 13:51:47.931 INFO  [main][ModuleFrameworkImpl:413] Navigate to Control Panel > Configuration > Gogo Shell and enter "lb" to see all bundles
2018-10-22 13:51:51.900 WARN  [Elasticsearch initialization thread][EmbeddedElasticsearchConnection:286] Liferay is configured to use embedded Elasticsearch as its search engine. Do NOT use embedded Elasticsearch in production. Embedded Elasticsearch is useful for development and demonstration purposes. Remote Elasticsearch connections can be configured in the Control Panel.
2018-10-22 13:51:58.273 INFO  [main][StartupHelper:72] There are no patches installed
2018-10-22 13:51:59.536 INFO  [main][AutoDeployDir:193] Auto deploy scanner started for /Users/paulo/Documents/eclipse-workspace/bundles/liferay-portal/deploy
2018-10-22 13:52:27.408 INFO  [main][ThemeHotDeployListener:108] 1 theme for classic-theme is available for use
2018-10-22 13:52:27.914 INFO  [main][ThemeHotDeployListener:108] 1 theme for admin-theme is available for use
2018-10-22 13:52:28.395 INFO  [main][ThemeHotDeployListener:108] 1 theme for fjord-theme is available for use
2018-10-22 13:52:35.327 INFO  [main][HookHotDeployListener:521] Hook for opensocial-portlet is available for use
2018-10-22 13:52:35.859 INFO  [main][PortletHotDeployListener:293] 4 portlets for opensocial-portlet are available for use
2018-10-22 13:52:37.086 INFO  [main][ThemeHotDeployListener:108] 1 theme for porygon-theme is available for use
2018-10-22 13:52:37.675 INFO  [main][HookHotDeployListener:521] Hook for powwow-portlet is available for use
2018-10-22 13:52:37.781 INFO  [main][PortletHotDeployListener:293] 2 portlets for powwow-portlet are available for use
2018-10-22 13:52:38.025 INFO  [main][HookHotDeployListener:521] Hook for social-bookmarks-hook is available for use
2018-10-22 13:52:38.870 INFO  [main][HookHotDeployListener:521] Hook for tasks-portlet is available for use
2018-10-22 13:52:39.282 INFO  [main][PortletHotDeployListener:293] 2 portlets for tasks-portlet are available for use
2018-10-22 13:52:39.811 INFO  [main][ThemeHotDeployListener:108] 1 theme for westeros-bank-theme is available for use
2018-10-22 13:52:41.275 INFO  [main][SystemCheckOSGiCommands:54] System check is enabled. You can run a system check with the command "system:check" in Gogo shell.
2018-10-22 13:53:24.838 ERROR [http-nio-8080-exec-3][ErrorUtil:78] No DDMFormInstance exists with the primary key 38395
2018-10-22 13:55:34.610 ERROR [http-nio-8080-exec-2][ErrorUtil:78] No DDMFormInstance exists with the primary key 38395
2018-10-22 13:56:08.602 ERROR [http-nio-8080-exec-9][ErrorUtil:78] No DDMFormInstance exists with the primary key 38395
2018-10-22 14:00:03.641 ERROR [http-nio-8080-exec-3][ErrorUtil:78] No DDMFormInstance exists with the primary key 38395
2018-10-22 14:01:29.748 ERROR [http-nio-8080-exec-10][ErrorUtil:78] No DDMFormInstance exists with the primary key 38395
2018-10-22 14:01:33.176 ERROR [http-nio-8080-exec-3][ErrorUtil:78] No DDMFormInstance exists with the primary key 38395
2018-10-22 14:04:37.142 ERROR [http-nio-8080-exec-3][ErrorUtil:78] No DDMFormInstance exists with the primary key 38395
2018-10-22 14:21:28.998 ERROR [http-nio-8080-exec-9][ErrorUtil:78] No DDMFormInstance exists with the primary key 38395
2018-10-22 14:22:59.379 ERROR [http-nio-8080-exec-6][ErrorUtil:78] No DDMFormInstance exists with the primary key 38395
2018-10-22 14:36:35.897 WARN  [HikariPool-1 housekeeper][HikariPool:686] HikariPool-1 - Thread starvation or clock leap detected (housekeeper delta=10m33s500ms).
2018-10-22 14:36:37.830 WARN  [HikariPool-2 housekeeper][HikariPool:686] HikariPool-2 - Thread starvation or clock leap detected (housekeeper delta=10m33s501ms).
2018-10-22 14:42:34.628 WARN  [HikariPool-1 housekeeper][HikariPool:686] HikariPool-1 - Thread starvation or clock leap detected (housekeeper delta=5m28s723ms).
2018-10-22 14:42:36.570 WARN  [HikariPool-2 housekeeper][HikariPool:686] HikariPool-2 - Thread starvation or clock leap detected (housekeeper delta=5m28s723ms).
2018-10-22 14:59:44.344 WARN  [http-nio-8080-exec-6][SecurityPortletContainerWrapper:393] User 20139 is not allowed to access URL http://192.168.110.55:8080/group/guest/~/control_panel/manage and portlet com_liferay_journal_web_portlet_JournalPortlet
2018-10-22 15:00:11.985 ERROR [http-nio-8080-exec-3][ErrorUtil:78] No DDMFormInstance exists with the primary key 38395
2018-10-22 15:00:53.225 ERROR [http-nio-8080-exec-2][ErrorUtil:78] No DDMFormInstance exists with the primary key 38395
2018-10-22 16:16:24.231 ERROR [http-nio-8080-exec-2][ErrorUtil:78] No DDMFormInstance exists with the primary key 38395
2018-10-22 16:18:14.988 ERROR [http-nio-8080-exec-3][ErrorUtil:78] No DDMFormInstance exists with the primary key 38395
2018-10-22 16:20:47.781 ERROR [http-nio-8080-exec-3][JAXRSUtils:83] Problem with writing the data, class com.liferay.apio.architect.functional.Try$Success, ContentType: application/ld+json
2018-10-22 16:20:47.794 ERROR [http-nio-8080-exec-3][ErrorUtil:78] java.lang.NullPointerException
2018-10-22 16:20:54.213 ERROR [http-nio-8080-exec-1][JAXRSUtils:83] Problem with writing the data, class com.liferay.apio.architect.functional.Try$Success, ContentType: application/ld+json
2018-10-22 16:20:54.214 ERROR [http-nio-8080-exec-1][ErrorUtil:78] java.lang.NullPointerException
2018-10-22 16:28:38.754 WARN  [HikariPool-1 housekeeper][HikariPool:686] HikariPool-1 - Thread starvation or clock leap detected (housekeeper delta=1m29s974ms).
2018-10-22 16:28:40.684 WARN  [HikariPool-2 housekeeper][HikariPool:686] HikariPool-2 - Thread starvation or clock leap detected (housekeeper delta=1m29s978ms).
2018-10-22 17:19:37.526 ERROR [http-nio-8080-exec-1][ErrorUtil:78] No DDMFormInstance exists with the primary key 38395
2018-10-22 17:35:00.639 ERROR [http-nio-8080-exec-4][ErrorUtil:78] No DDMFormInstance exists with the primary key 38395
2018-10-22 17:36:03.783 ERROR [http-nio-8080-exec-2][ErrorUtil:78] No DDMFormInstance exists with the primary key 38395
2018-10-22 17:37:57.307 ERROR [http-nio-8080-exec-1][ErrorUtil:78] No DDMFormInstance exists with the primary key 38395
2018-10-22 17:53:06.595 WARN  [HikariPool-1 housekeeper][HikariPool:686] HikariPool-1 - Thread starvation or clock leap detected (housekeeper delta=2m27s528ms).
2018-10-22 17:53:08.569 WARN  [HikariPool-2 housekeeper][HikariPool:686] HikariPool-2 - Thread starvation or clock leap detected (housekeeper delta=2m27s529ms).
2018-10-22 18:33:37.526 ERROR [http-nio-8080-exec-2][ErrorUtil:78] No DDMFormInstance exists with the primary key 38395
2018-10-22 18:39:06.952 ERROR [http-nio-8080-exec-5][ErrorUtil:78] No DDMFormInstance exists with the primary key 38395
2018-10-22 18:56:26.026 WARN  [HikariPool-1 housekeeper][HikariPool:686] HikariPool-1 - Thread starvation or clock leap detected (housekeeper delta=1m49s183ms).
2018-10-22 18:56:27.985 WARN  [HikariPool-2 housekeeper][HikariPool:686] HikariPool-2 - Thread starvation or clock leap detected (housekeeper delta=1m49s186ms).
2018-10-22 20:38:17.161 ERROR [http-nio-8080-exec-9][ErrorUtil:78] No DDMFormInstance exists with the primary key 38395
2018-10-22 20:40:18.201 ERROR [http-nio-8080-exec-8][ErrorUtil:78] No DDMFormInstance exists with the primary key 38395
2018-10-22 20:41:13.348 ERROR [http-nio-8080-exec-8][ErrorUtil:78] No DDMFormInstance exists with the primary key 38395
2018-10-22 20:43:12.946 ERROR [http-nio-8080-exec-10][ErrorUtil:78] No DDMFormInstance exists with the primary key 38395
2018-10-22 20:43:43.235 WARN  [http-nio-8080-exec-2][URLConfigurationSource:122] No URLs will be polled as dynamic configuration sources.
2018-10-22 20:43:43.237 INFO  [http-nio-8080-exec-2][URLConfigurationSource:123] To enable URLs as dynamic configuration sources, define System property archaius.configurationSource.additionalUrls or make config.properties available on classpath.
2018-10-22 20:43:43.249 INFO  [http-nio-8080-exec-2][DynamicPropertyFactory:266] DynamicPropertyFactory is initialized with configuration sources: com.netflix.config.ConcurrentCompositeConfiguration@43eda7f2
2018-10-22 20:44:57.818 ERROR [http-nio-8080-exec-3][ErrorUtil:78] No DDMFormInstance exists with the primary key 38395
2018-10-22 20:45:44.322 ERROR [http-nio-8080-exec-9][ErrorUtil:78] No DDMFormInstance exists with the primary key 38395
2018-10-22 20:56:21.444 ERROR [http-nio-8080-exec-3][ErrorUtil:78] No DDMFormInstance exists with the primary key 38395
2018-10-22 21:01:53.517 ERROR [http-nio-8080-exec-4][ErrorUtil:78] No DDMFormInstance exists with the primary key 38395
2018-10-22 21:02:04.558 ERROR [http-nio-8080-exec-1][ErrorUtil:78] No DDMFormInstance exists with the primary key 38395
2018-10-22 21:03:41.880 ERROR [http-nio-8080-exec-7][ErrorUtil:78] No DDMFormInstance exists with the primary key 38395
2018-10-22 21:04:38.904 ERROR [http-nio-8080-exec-10][ErrorUtil:78] No DDMFormInstance exists with the primary key 38395
2018-10-22 21:05:17.285 ERROR [http-nio-8080-exec-7][ErrorUtil:78] No DDMFormInstance exists with the primary key 38395
2018-10-22 21:05:26.110 ERROR [http-nio-8080-exec-4][ErrorUtil:78] No DDMFormInstance exists with the primary key 38395
2018-10-22 21:06:40.359 ERROR [http-nio-8080-exec-4][ErrorUtil:78] No DDMFormInstance exists with the primary key 38395
2018-10-22 21:08:57.877 ERROR [http-nio-8080-exec-9][ErrorUtil:78] No DDMFormInstance exists with the primary key 38395
2018-10-22 21:12:24.393 ERROR [http-nio-8080-exec-8][ErrorUtil:78] No DDMFormInstance exists with the primary key 38395
2018-10-22 21:14:09.955 ERROR [http-nio-8080-exec-8][ErrorUtil:78] No DDMFormInstance exists with the primary key 38395
2018-10-22 21:18:49.871 ERROR [http-nio-8080-exec-5][ErrorUtil:78] No DDMFormInstance exists with the primary key 38395
2018-10-22 21:22:50.008 ERROR [http-nio-8080-exec-1][ErrorUtil:78] No DDMFormInstance exists with the primary key 38395
2018-10-22 21:23:02.787 WARN  [http-nio-8080-exec-5][SecurityPortletContainerWrapper:393] User 0 is not allowed to access URL http://192.168.110.55:8080/web/forms/shared and portlet com_liferay_dynamic_data_mapping_form_web_portlet_DDMFormPortlet
2018-10-22 21:24:42.120 ERROR [http-nio-8080-exec-8][ErrorUtil:78] No DDMFormInstance exists with the primary key 38395
2018-10-22 21:25:27.388 ERROR [http-nio-8080-exec-3][ErrorUtil:78] No DDMFormInstance exists with the primary key 38395
2018-10-22 21:29:08.660 ERROR [http-nio-8080-exec-1][ErrorUtil:78] No DDMFormInstance exists with the primary key 38395
2018-10-22 21:40:29.853 ERROR [http-nio-8080-exec-8][ErrorUtil:78] No DDMFormInstance exists with the primary key 38395
2018-10-22 21:41:57.723 ERROR [http-nio-8080-exec-5][ErrorUtil:78] No DDMFormInstance exists with the primary key 38395
2018-10-22 21:42:37.566 ERROR [http-nio-8080-exec-7][ErrorUtil:78] No DDMFormInstance exists with the primary key 38395
2018-10-22 21:42:48.817 ERROR [http-nio-8080-exec-2][ErrorUtil:78] No DDMFormInstance exists with the primary key 38395
2018-10-22 21:44:07.367 ERROR [http-nio-8080-exec-3][ErrorUtil:78] No DDMFormInstance exists with the primary key 38395
2018-10-22 22:02:53.710 ERROR [http-nio-8080-exec-5][ErrorUtil:78] No DDMFormInstance exists with the primary key 38395
2018-10-22 22:04:00.979 ERROR [http-nio-8080-exec-5][ErrorUtil:78] No DDMFormInstance exists with the primary key 38395
2018-10-22 22:04:37.622 ERROR [http-nio-8080-exec-2][ErrorUtil:78] No DDMFormInstance exists with the primary key 38395
2018-10-22 22:04:52.481 ERROR [http-nio-8080-exec-1][ErrorUtil:78] No DDMFormInstance exists with the primary key 38395
2018-10-22 22:11:04.546 WARN  [HikariPool-1 housekeeper][HikariPool:686] HikariPool-1 - Thread starvation or clock leap detected (housekeeper delta=3m53s875ms).
2018-10-22 22:11:06.637 WARN  [HikariPool-2 housekeeper][HikariPool:686] HikariPool-2 - Thread starvation or clock leap detected (housekeeper delta=3m53s865ms).
2018-10-22 22:15:11.124 WARN  [HikariPool-1 housekeeper][HikariPool:686] HikariPool-1 - Thread starvation or clock leap detected (housekeeper delta=4m6s582ms).
2018-10-22 22:15:13.213 WARN  [HikariPool-2 housekeeper][HikariPool:686] HikariPool-2 - Thread starvation or clock leap detected (housekeeper delta=4m6s577ms).
2018-10-22 22:37:10.026 WARN  [HikariPool-1 housekeeper][HikariPool:686] HikariPool-1 - Thread starvation or clock leap detected (housekeeper delta=21m58s902ms).
2018-10-22 22:37:16.331 WARN  [HikariPool-2 housekeeper][HikariPool:686] HikariPool-2 - Thread starvation or clock leap detected (housekeeper delta=22m3s118ms).
2018-10-22 23:03:12.269 WARN  [HikariPool-1 housekeeper][HikariPool:686] HikariPool-1 - Thread starvation or clock leap detected (housekeeper delta=26m2s243ms).
2018-10-22 23:03:13.908 WARN  [HikariPool-2 housekeeper][HikariPool:686] HikariPool-2 - Thread starvation or clock leap detected (housekeeper delta=25m57s577ms).
