2018-09-20 14:09:01.176 INFO  [Thread-66][ENGINE:866] Checkpoint start
2018-09-20 14:09:01.188 INFO  [Thread-66][ENGINE:866] checkpointClose start
2018-09-20 14:09:01.188 INFO  [Thread-66][ENGINE:866] checkpointClose synched
2018-09-20 14:09:01.194 INFO  [Thread-66][ENGINE:866] checkpointClose script done
2018-09-20 14:09:01.203 INFO  [Thread-66][ENGINE:866] checkpointClose end
2018-09-20 14:09:01.206 INFO  [Thread-66][ENGINE:866] Checkpoint end - txts: 1
2018-09-20 14:09:01.677 INFO  [Thread-66][ENGINE:866] Database closed
2018-09-20 14:09:01.707 INFO  [Thread-66][ENGINE:866] open start - state not modified
2018-09-20 14:09:01.881 INFO  [Thread-66][ENGINE:866] Database closed
2018-09-20 18:15:48.287 INFO  [main][DialectDetector:158] Using dialect org.hibernate.dialect.MySQLDialect for MySQL 5.7
2018-09-20 18:15:50.323 INFO  [main][ModuleFrameworkImpl:1292] Starting initial bundles
2018-09-20 18:16:00.721 INFO  [main][ModuleFrameworkImpl:1555] Started initial bundles
2018-09-20 18:16:00.722 INFO  [main][ModuleFrameworkImpl:1590] Starting dynamic bundles
2018-09-20 18:16:13.559 INFO  [main][ModuleFrameworkImpl:1679] Started dynamic bundles
2018-09-20 18:16:13.561 INFO  [main][ModuleFrameworkImpl:414] Navigate to Control Panel > Configuration > Gogo Shell and enter "lb" to see all bundles
2018-09-20 18:16:17.628 WARN  [Elasticsearch initialization thread][EmbeddedElasticsearchConnection:286] Liferay is configured to use embedded Elasticsearch as its search engine. Do NOT use embedded Elasticsearch in production. Embedded Elasticsearch is useful for development and demonstration purposes. Remote Elasticsearch connections can be configured in the Control Panel.
2018-09-20 18:16:23.951 INFO  [main][StartupHelper:72] There are no patches installed
2018-09-20 18:16:24.040 WARN  [main][ReleaseLocalServiceImpl:239] Table 'lportal.release_' doesn't exist
2018-09-20 18:16:24.042 INFO  [main][ReleaseLocalServiceImpl:130] Create tables and populate with default data
2018-09-20 18:16:33.618 INFO  [main][UpgradeProcess:93] Upgrading com.liferay.knowledge.base.internal.activator.KnowledgeBaseServiceBundleActivator$1$1
2018-09-20 18:16:33.647 INFO  [main][UpgradeProcess:107] Completed upgrade process com.liferay.knowledge.base.internal.activator.KnowledgeBaseServiceBundleActivator$1$1 in 28 ms
2018-09-20 18:16:34.049 INFO  [main][VerifyProcess:66] Verifying com.liferay.portal.verify.VerifyProcessSuite
2018-09-20 18:16:34.051 INFO  [main][VerifyProcess:66] Verifying com.liferay.portal.verify.VerifyProperties
2018-09-20 18:16:34.053 INFO  [main][LoggingTimer:83] Starting com.liferay.portal.verify.VerifyProperties#verifySystemProperties
2018-09-20 18:16:34.053 INFO  [main][LoggingTimer:43] Completed com.liferay.portal.verify.VerifyProperties#verifySystemProperties in 1 ms
2018-09-20 18:16:34.054 INFO  [main][LoggingTimer:83] Starting com.liferay.portal.verify.VerifyProperties#verifyPortalProperties
2018-09-20 18:16:34.071 ERROR [main][VerifyProperties:161] Portal property "captcha.max.challenges" is obsolete
2018-09-20 18:16:34.072 ERROR [main][VerifyProperties:161] Portal property "openoffice.cache.enabled" is obsolete
2018-09-20 18:16:34.072 ERROR [main][VerifyProperties:136] Portal property "dynamic.data.lists.storage.type" was modularized to com.liferay.dynamic.data.lists.web as "dynamic.data.lists.storage.type"
2018-09-20 18:16:34.073 ERROR [main][VerifyProperties:136] Portal property "lucene.commit.batch.size" was modularized to com.liferay.portal.search.lucene as "commit.batch.size"
2018-09-20 18:16:34.073 ERROR [main][VerifyProperties:136] Portal property "lucene.commit.time.interval" was modularized to com.liferay.portal.search.lucene as "commit.time.interval"
2018-09-20 18:16:34.073 ERROR [main][VerifyProperties:136] Portal property "monitoring.portal.request" was modularized to com.liferay.portal.monitoring as "monitor.portal.request"
2018-09-20 18:16:34.074 ERROR [main][VerifyProperties:136] Portal property "monitoring.portlet.action.request" was modularized to com.liferay.portal.monitoring as "monitor.portlet.action.request"
2018-09-20 18:16:34.074 ERROR [main][VerifyProperties:136] Portal property "monitoring.portlet.event.request" was modularized to com.liferay.portal.monitoring as "monitor.portlet.event.request"
2018-09-20 18:16:34.074 ERROR [main][VerifyProperties:136] Portal property "monitoring.portlet.render.request" was modularized to com.liferay.portal.monitoring as "monitor.portlet.render.request"
2018-09-20 18:16:34.075 ERROR [main][VerifyProperties:136] Portal property "monitoring.portlet.resource.request" was modularized to com.liferay.portal.monitoring as "monitor.portlet.resource.request"
2018-09-20 18:16:34.075 ERROR [main][VerifyProperties:136] Portal property "monitoring.show.per.request.data.sample" was modularized to com.liferay.portal.monitoring as "show.per.request.data.sample"
2018-09-20 18:16:34.075 INFO  [main][LoggingTimer:43] Completed com.liferay.portal.verify.VerifyProperties#verifyPortalProperties in 21 ms
2018-09-20 18:16:34.076 INFO  [main][LoggingTimer:83] Starting com.liferay.portal.verify.VerifyProperties#verifyDocumentLibrary
2018-09-20 18:16:34.076 INFO  [main][LoggingTimer:43] Completed com.liferay.portal.verify.VerifyProperties#verifyDocumentLibrary in 0 ms
2018-09-20 18:16:34.077 INFO  [main][VerifyProcess:81] Completed verification process com.liferay.portal.verify.VerifyProperties in 26ms
2018-09-20 18:16:34.079 INFO  [main][VerifyProcess:66] Verifying com.liferay.portal.verify.VerifyPermission
2018-09-20 18:16:34.080 INFO  [main][LoggingTimer:83] Starting com.liferay.portal.verify.VerifyPermission#checkPermissions
2018-09-20 18:16:34.609 INFO  [main][LoggingTimer:43] Completed com.liferay.portal.verify.VerifyPermission#checkPermissions in 529 ms
2018-09-20 18:16:34.610 INFO  [main][LoggingTimer:83] Starting com.liferay.portal.verify.VerifyPermission#fixOrganizationRolePermissions
2018-09-20 18:16:34.709 INFO  [main][LoggingTimer:43] Completed com.liferay.portal.verify.VerifyPermission#fixOrganizationRolePermissions in 99 ms
2018-09-20 18:16:34.709 INFO  [main][LoggingTimer:83] Starting com.liferay.portal.verify.VerifyPermission#fixUserDefaultRolePermissions
2018-09-20 18:16:34.713 INFO  [main][LoggingTimer:43] Completed com.liferay.portal.verify.VerifyPermission#fixUserDefaultRolePermissions in 4 ms
2018-09-20 18:16:34.715 INFO  [main][VerifyProcess:81] Completed verification process com.liferay.portal.verify.VerifyPermission in 637ms
2018-09-20 18:16:34.716 INFO  [main][VerifyProcess:66] Verifying com.liferay.portal.verify.VerifyGroup
2018-09-20 18:16:34.717 INFO  [main][LoggingTimer:83] Starting com.liferay.portal.verify.VerifyGroup#verifyOrganizationNames
2018-09-20 18:16:34.750 INFO  [main][LoggingTimer:43] Completed com.liferay.portal.verify.VerifyGroup#verifyOrganizationNames in 33 ms
2018-09-20 18:16:34.751 INFO  [main][LoggingTimer:83] Starting com.liferay.portal.verify.VerifyGroup#verifySites
2018-09-20 18:16:34.756 INFO  [main][LoggingTimer:43] Completed com.liferay.portal.verify.VerifyGroup#verifySites in 5 ms
2018-09-20 18:16:34.757 INFO  [main][LoggingTimer:83] Starting com.liferay.portal.verify.VerifyGroup#verifyStagedGroups
2018-09-20 18:16:34.851 INFO  [main][LoggingTimer:43] Completed com.liferay.portal.verify.VerifyGroup#verifyStagedGroups in 94 ms
2018-09-20 18:16:34.851 INFO  [main][LoggingTimer:83] Starting com.liferay.portal.verify.VerifyGroup#verifyTree
2018-09-20 18:16:34.852 INFO  [main][LoggingTimer:43] Completed com.liferay.portal.verify.VerifyGroup#verifyTree in 1 ms
2018-09-20 18:16:34.852 INFO  [main][VerifyProcess:81] Completed verification process com.liferay.portal.verify.VerifyGroup in 136ms
2018-09-20 18:16:34.853 INFO  [main][VerifyProcess:66] Verifying com.liferay.portal.verify.VerifyRole
2018-09-20 18:16:34.854 INFO  [main][VerifyProcess:81] Completed verification process com.liferay.portal.verify.VerifyRole in 1ms
2018-09-20 18:16:34.856 INFO  [main][VerifyProcess:66] Verifying com.liferay.portal.verify.VerifyAuditedModel
2018-09-20 18:16:34.860 INFO  [pool-6-thread-1][LoggingTimer:83] Starting com.liferay.portal.verify.VerifyAuditedModel#verifyAuditedModel#LayoutFriendlyURL
2018-09-20 18:16:34.861 INFO  [pool-6-thread-3][LoggingTimer:83] Starting com.liferay.portal.verify.VerifyAuditedModel#verifyAuditedModel#LayoutSetPrototype
2018-09-20 18:16:34.860 INFO  [pool-6-thread-2][LoggingTimer:83] Starting com.liferay.portal.verify.VerifyAuditedModel#verifyAuditedModel#LayoutPrototype
2018-09-20 18:16:34.865 INFO  [pool-6-thread-6][LoggingTimer:83] Starting com.liferay.portal.verify.VerifyAuditedModel#verifyAuditedModel#RepositoryEntry
2018-09-20 18:16:34.865 INFO  [pool-6-thread-8][LoggingTimer:83] Starting com.liferay.portal.verify.VerifyAuditedModel#verifyAuditedModel#UserGroup
2018-09-20 18:16:34.864 INFO  [pool-6-thread-7][LoggingTimer:83] Starting com.liferay.portal.verify.VerifyAuditedModel#verifyAuditedModel#Role_
2018-09-20 18:16:34.861 INFO  [pool-6-thread-5][LoggingTimer:83] Starting com.liferay.portal.verify.VerifyAuditedModel#verifyAuditedModel#Organization_
2018-09-20 18:16:34.875 INFO  [pool-6-thread-8][LoggingTimer:43] Completed com.liferay.portal.verify.VerifyAuditedModel#verifyAuditedModel#UserGroup in 10 ms
2018-09-20 18:16:34.861 INFO  [pool-6-thread-4][LoggingTimer:83] Starting com.liferay.portal.verify.VerifyAuditedModel#verifyAuditedModel#Layout
2018-09-20 18:16:34.875 INFO  [pool-6-thread-6][LoggingTimer:43] Completed com.liferay.portal.verify.VerifyAuditedModel#verifyAuditedModel#RepositoryEntry in 10 ms
2018-09-20 18:16:34.874 INFO  [pool-6-thread-1][LoggingTimer:43] Completed com.liferay.portal.verify.VerifyAuditedModel#verifyAuditedModel#LayoutFriendlyURL in 14 ms
2018-09-20 18:16:34.873 INFO  [pool-6-thread-2][LoggingTimer:43] Completed com.liferay.portal.verify.VerifyAuditedModel#verifyAuditedModel#LayoutPrototype in 13 ms
2018-09-20 18:16:34.873 INFO  [pool-6-thread-3][LoggingTimer:43] Completed com.liferay.portal.verify.VerifyAuditedModel#verifyAuditedModel#LayoutSetPrototype in 12 ms
2018-09-20 18:16:34.877 INFO  [pool-6-thread-4][LoggingTimer:43] Completed com.liferay.portal.verify.VerifyAuditedModel#verifyAuditedModel#Layout in 16 ms
2018-09-20 18:16:34.877 INFO  [pool-6-thread-5][LoggingTimer:43] Completed com.liferay.portal.verify.VerifyAuditedModel#verifyAuditedModel#Organization_ in 16 ms
2018-09-20 18:16:34.876 INFO  [pool-6-thread-7][LoggingTimer:43] Completed com.liferay.portal.verify.VerifyAuditedModel#verifyAuditedModel#Role_ in 12 ms
2018-09-20 18:16:34.880 INFO  [main][VerifyProcess:81] Completed verification process com.liferay.portal.verify.VerifyAuditedModel in 24ms
2018-09-20 18:16:34.883 INFO  [main][VerifyProcess:66] Verifying com.liferay.portal.verify.VerifyResourceActions
2018-09-20 18:16:34.885 INFO  [main][LoggingTimer:83] Starting com.liferay.portal.verify.VerifyResourceActions#deleteDuplicateBitwiseValuesOnResource
2018-09-20 18:16:34.902 INFO  [main][LoggingTimer:43] Completed com.liferay.portal.verify.VerifyResourceActions#deleteDuplicateBitwiseValuesOnResource in 17 ms
2018-09-20 18:16:34.904 INFO  [main][VerifyProcess:81] Completed verification process com.liferay.portal.verify.VerifyResourceActions in 21ms
2018-09-20 18:16:34.907 INFO  [main][VerifyProcess:66] Verifying com.liferay.portal.verify.VerifyResourcePermissions
2018-09-20 18:16:34.915 INFO  [main][VerifyProcess:81] Completed verification process com.liferay.portal.verify.VerifyResourcePermissions in 9ms
2018-09-20 18:16:34.917 INFO  [main][VerifyProcess:66] Verifying com.liferay.portal.verify.VerifyUser
2018-09-20 18:16:34.918 INFO  [main][LoggingTimer:83] Starting com.liferay.portal.verify.VerifyUser#verifyInactive
2018-09-20 18:16:34.925 INFO  [main][LoggingTimer:43] Completed com.liferay.portal.verify.VerifyUser#verifyInactive in 7 ms
2018-09-20 18:16:34.926 INFO  [main][VerifyProcess:81] Completed verification process com.liferay.portal.verify.VerifyUser in 8ms
2018-09-20 18:16:34.926 INFO  [main][VerifyProcess:81] Completed verification process com.liferay.portal.verify.VerifyProcessSuite in 878ms
2018-09-20 18:16:36.239 INFO  [main][AutoDeployDir:193] Auto deploy scanner started for /Users/paulo/Documents/eclipse-workspace/bundles/liferay-portal/deploy
2018-09-20 18:16:38.766 INFO  [fileinstall-/Users/paulo/Documents/eclipse-workspace/bundles/liferay-portal/osgi/war][BaseAutoDeployListener:43] Copying themes for /Users/paulo/Documents/eclipse-workspace/bundles/liferay-portal/tomcat-9.0.10/temp/20180920181638715IDGFCULB/classic-theme.war
2018-09-20 18:16:38.839 INFO  [fileinstall-/Users/paulo/Documents/eclipse-workspace/bundles/liferay-portal/osgi/war][BaseDeployer:877] Deploying classic-theme.war
2018-09-20 18:16:40.974 INFO  [fileinstall-/Users/paulo/Documents/eclipse-workspace/bundles/liferay-portal/osgi/war][BaseAutoDeployListener:50] Themes for /Users/paulo/Documents/eclipse-workspace/bundles/liferay-portal/tomcat-9.0.10/temp/20180920181638715IDGFCULB/classic-theme.war copied successfully
2018-09-20 18:16:43.410 INFO  [fileinstall-/Users/paulo/Documents/eclipse-workspace/bundles/liferay-portal/osgi/war][BundleStartStopLogger:39] STARTED classic-theme_2.0.18 [845]
2018-09-20 18:16:44.725 INFO  [main][VerifyProcess:66] Verifying com.liferay.portal.scheduler.internal.verify.SchedulerHelperPropertiesVerifyProcess
2018-09-20 18:16:44.726 INFO  [main][LoggingTimer:83] Starting com.liferay.portal.scheduler.internal.verify.SchedulerHelperPropertiesVerifyProcess#upgradeConfiguration
2018-09-20 18:16:44.727 INFO  [main][LoggingTimer:43] Completed com.liferay.portal.scheduler.internal.verify.SchedulerHelperPropertiesVerifyProcess#upgradeConfiguration in 1 ms
2018-09-20 18:16:44.727 INFO  [main][VerifyProcess:81] Completed verification process com.liferay.portal.scheduler.internal.verify.SchedulerHelperPropertiesVerifyProcess in 2ms
2018-09-20 18:16:44.738 INFO  [main][VerifyProcess:66] Verifying com.liferay.organizations.service.internal.verify.OrganizationServiceVerifyProcess
2018-09-20 18:16:44.740 INFO  [pool-8-thread-1][LoggingTimer:83] Starting com.liferay.organizations.service.internal.verify.OrganizationServiceVerifyProcess#updateOrganizationAssets
2018-09-20 18:16:44.740 INFO  [pool-8-thread-2][LoggingTimer:83] Starting com.liferay.organizations.service.internal.verify.OrganizationServiceVerifyProcess#updateOrganizationAssetEntries
2018-09-20 18:16:44.744 INFO  [pool-8-thread-2][LoggingTimer:43] Completed com.liferay.organizations.service.internal.verify.OrganizationServiceVerifyProcess#updateOrganizationAssetEntries in 4 ms
2018-09-20 18:16:44.749 INFO  [pool-8-thread-1][LoggingTimer:43] Completed com.liferay.organizations.service.internal.verify.OrganizationServiceVerifyProcess#updateOrganizationAssets in 9 ms
2018-09-20 18:16:44.750 INFO  [main][VerifyProcess:81] Completed verification process com.liferay.organizations.service.internal.verify.OrganizationServiceVerifyProcess in 12ms
2018-09-20 18:16:44.757 INFO  [main][VerifyProcess:66] Verifying com.liferay.portal.security.sso.token.internal.verify.ShibbolethCompanySettingsVerifyProcess
2018-09-20 18:16:44.758 INFO  [main][LoggingTimer:83] Starting com.liferay.portal.verify.BaseCompanySettingsVerifyProcess#verifyProperties
2018-09-20 18:16:44.766 INFO  [main][BaseCompanySettingsVerifyProcess:128] Removing preference keys [shibboleth.auth.enabled, shibboleth.import.from.ldap, shibboleth.logout.url, shibboleth.user.header] for company 20099
2018-09-20 18:16:44.774 INFO  [main][LoggingTimer:43] Completed com.liferay.portal.verify.BaseCompanySettingsVerifyProcess#verifyProperties in 16 ms
2018-09-20 18:16:44.774 INFO  [main][VerifyProcess:81] Completed verification process com.liferay.portal.security.sso.token.internal.verify.ShibbolethCompanySettingsVerifyProcess in 17ms
2018-09-20 18:16:44.788 INFO  [main][VerifyProcess:66] Verifying com.liferay.portal.security.sso.token.internal.verify.SiteMinderCompanySettingsVerifyProcess
2018-09-20 18:16:44.790 INFO  [main][LoggingTimer:83] Starting com.liferay.portal.verify.BaseCompanySettingsVerifyProcess#verifyProperties
2018-09-20 18:16:44.792 INFO  [main][BaseCompanySettingsVerifyProcess:128] Removing preference keys [siteminder.auth.enabled, siteminder.import.from.ldap, siteminder.user.header] for company 20099
2018-09-20 18:16:44.801 INFO  [main][LoggingTimer:43] Completed com.liferay.portal.verify.BaseCompanySettingsVerifyProcess#verifyProperties in 11 ms
2018-09-20 18:16:44.803 INFO  [main][VerifyProcess:81] Completed verification process com.liferay.portal.security.sso.token.internal.verify.SiteMinderCompanySettingsVerifyProcess in 15ms
2018-09-20 18:16:44.811 INFO  [main][VerifyProcess:66] Verifying com.liferay.portal.security.sso.facebook.connect.internal.verify.FacebookConnectCompanySettingsVerifyProcess
2018-09-20 18:16:44.812 INFO  [main][LoggingTimer:83] Starting com.liferay.portal.verify.BaseCompanySettingsVerifyProcess#verifyProperties
2018-09-20 18:16:44.819 INFO  [main][BaseCompanySettingsVerifyProcess:128] Removing preference keys [facebook.connect.app.secret, facebook.connect.graph.url, facebook.connect.oauth.auth.url, facebook.connect.app.id, facebook.connect.oauth.redirect.url, facebook.connect.oauth.token.url, facebook.auth.enabled, facebook.connect.verified.account.required] for company 20099
2018-09-20 18:16:44.828 INFO  [main][LoggingTimer:43] Completed com.liferay.portal.verify.BaseCompanySettingsVerifyProcess#verifyProperties in 16 ms
2018-09-20 18:16:44.830 INFO  [main][VerifyProcess:81] Completed verification process com.liferay.portal.security.sso.facebook.connect.internal.verify.FacebookConnectCompanySettingsVerifyProcess in 19ms
2018-09-20 18:16:44.850 INFO  [main][VerifyProcess:66] Verifying com.liferay.portal.security.sso.cas.internal.verify.CASCompanySettingsVerifyProcess
2018-09-20 18:16:44.852 INFO  [main][LoggingTimer:83] Starting com.liferay.portal.verify.BaseCompanySettingsVerifyProcess#verifyProperties
2018-09-20 18:16:44.854 INFO  [main][BaseCompanySettingsVerifyProcess:128] Removing preference keys [cas.logout.url, cas.no.such.user.redirect.url, cas.server.name, cas.server.url, cas.service.url, cas.import.from.ldap, cas,logout.on.session.expiration, cas.auth.enabled, cas.login.url] for company 20099
2018-09-20 18:16:44.860 INFO  [main][LoggingTimer:43] Completed com.liferay.portal.verify.BaseCompanySettingsVerifyProcess#verifyProperties in 8 ms
2018-09-20 18:16:44.861 INFO  [main][VerifyProcess:81] Completed verification process com.liferay.portal.security.sso.cas.internal.verify.CASCompanySettingsVerifyProcess in 11ms
2018-09-20 18:16:44.879 INFO  [main][VerifyProcess:66] Verifying com.liferay.portal.security.sso.openid.internal.verify.OpenIdCompanySettingsVerifyProcess
2018-09-20 18:16:44.880 INFO  [main][LoggingTimer:83] Starting com.liferay.portal.verify.BaseCompanySettingsVerifyProcess#verifyProperties
2018-09-20 18:16:44.883 INFO  [main][BaseCompanySettingsVerifyProcess:128] Removing preference keys [openid.auth.enabled] for company 20099
2018-09-20 18:16:44.889 INFO  [main][LoggingTimer:43] Completed com.liferay.portal.verify.BaseCompanySettingsVerifyProcess#verifyProperties in 9 ms
2018-09-20 18:16:44.891 INFO  [main][VerifyProcess:81] Completed verification process com.liferay.portal.security.sso.openid.internal.verify.OpenIdCompanySettingsVerifyProcess in 12ms
2018-09-20 18:16:44.906 INFO  [main][VerifyProcess:66] Verifying com.liferay.portal.security.sso.google.internal.verify.GoogleLoginCompanySettingsVerifyProcess
2018-09-20 18:16:44.907 INFO  [main][LoggingTimer:83] Starting com.liferay.portal.verify.BaseCompanySettingsVerifyProcess#verifyProperties
2018-09-20 18:16:44.911 INFO  [main][BaseCompanySettingsVerifyProcess:128] Removing preference keys [google-auth-enabled, google-client-id, google-client-secret] for company 20099
2018-09-20 18:16:44.916 INFO  [main][LoggingTimer:43] Completed com.liferay.portal.verify.BaseCompanySettingsVerifyProcess#verifyProperties in 9 ms
2018-09-20 18:16:44.917 INFO  [main][VerifyProcess:81] Completed verification process com.liferay.portal.security.sso.google.internal.verify.GoogleLoginCompanySettingsVerifyProcess in 11ms
2018-09-20 18:16:44.939 INFO  [main][VerifyProcess:66] Verifying com.liferay.portal.security.sso.opensso.internal.verify.OpenSSOCompanySettingsVerifyProcess
2018-09-20 18:16:44.941 INFO  [main][LoggingTimer:83] Starting com.liferay.portal.verify.BaseCompanySettingsVerifyProcess#verifyProperties
2018-09-20 18:16:44.945 INFO  [main][BaseCompanySettingsVerifyProcess:128] Removing preference keys [open.sso.last.name.attr, open.sso.auth.enabled, open.sso.ldap.import.enabled, open.sso.email.address.attr, open.sso.service.url, open.sso.first.name.attr, open.sso.login.url, open.sso.logout.url, open.sso.screen.name.attr, open.sso.logout.on.session.expiration] for company 20099
2018-09-20 18:16:44.953 INFO  [main][LoggingTimer:43] Completed com.liferay.portal.verify.BaseCompanySettingsVerifyProcess#verifyProperties in 11 ms
2018-09-20 18:16:44.953 INFO  [main][VerifyProcess:81] Completed verification process com.liferay.portal.security.sso.opensso.internal.verify.OpenSSOCompanySettingsVerifyProcess in 14ms
2018-09-20 18:16:44.965 INFO  [main][VerifyProcess:66] Verifying com.liferay.portal.security.sso.ntlm.internal.verify.NtlmCompanySettingsVerifyProcess
2018-09-20 18:16:44.967 INFO  [main][LoggingTimer:83] Starting com.liferay.portal.verify.BaseCompanySettingsVerifyProcess#verifyProperties
2018-09-20 18:16:44.970 INFO  [main][BaseCompanySettingsVerifyProcess:128] Removing preference keys [ntlm.auth.enabled, ntlm.auth.domain.controller.name, ntlm.auth.domain, ntlm.auth.domain.controller, ntlm.auth.service.account, ntlm.auth.service.password, ntlm.auth.negotiate.flags] for company 20099
2018-09-20 18:16:44.974 INFO  [main][LoggingTimer:43] Completed com.liferay.portal.verify.BaseCompanySettingsVerifyProcess#verifyProperties in 8 ms
2018-09-20 18:16:44.974 INFO  [main][VerifyProcess:81] Completed verification process com.liferay.portal.security.sso.ntlm.internal.verify.NtlmCompanySettingsVerifyProcess in 9ms
2018-09-20 18:16:44.987 INFO  [main][VerifyProcess:66] Verifying com.liferay.exportimport.internal.verify.system.event.SystemEventVerifyProcess
2018-09-20 18:16:45.017 INFO  [main][VerifyProcess:81] Completed verification process com.liferay.exportimport.internal.verify.system.event.SystemEventVerifyProcess in 30ms
2018-09-20 18:16:45.027 INFO  [main][VerifyProcess:66] Verifying com.liferay.portal.security.ldap.internal.verify.LDAPPropertiesVerifyProcess
2018-09-20 18:16:45.028 INFO  [main][LoggingTimer:83] Starting com.liferay.portal.security.ldap.internal.verify.LDAPPropertiesVerifyProcess#verifyLDAPProperties
2018-09-20 18:16:45.030 INFO  [main][LoggingTimer:43] Completed com.liferay.portal.security.ldap.internal.verify.LDAPPropertiesVerifyProcess#verifyLDAPProperties in 2 ms
2018-09-20 18:16:45.030 INFO  [main][VerifyProcess:81] Completed verification process com.liferay.portal.security.ldap.internal.verify.LDAPPropertiesVerifyProcess in 3ms
2018-09-20 18:16:49.245 INFO  [com.liferay.portal.kernel.deploy.auto.AutoDeployScanner][AutoDeployDir:261] Processing porygon-theme.war
2018-09-20 18:16:49.248 INFO  [com.liferay.portal.kernel.deploy.auto.AutoDeployScanner][AutoDeployDir:261] Processing westeros-bank-theme.war
2018-09-20 18:16:49.248 INFO  [com.liferay.portal.kernel.deploy.auto.AutoDeployScanner][AutoDeployDir:261] Processing social-bookmarks-hook-7.1.0.3.war
2018-09-20 18:16:49.249 INFO  [com.liferay.portal.kernel.deploy.auto.AutoDeployScanner][AutoDeployDir:261] Processing admin-theme.war
2018-09-20 18:16:49.249 INFO  [com.liferay.portal.kernel.deploy.auto.AutoDeployScanner][AutoDeployDir:261] Processing fjord-theme.war
2018-09-20 18:16:49.250 INFO  [com.liferay.portal.kernel.deploy.auto.AutoDeployScanner][AutoDeployDir:261] Processing tasks-portlet-7.1.0.8.war
2018-09-20 18:16:49.250 INFO  [com.liferay.portal.kernel.deploy.auto.AutoDeployScanner][AutoDeployDir:261] Processing opensocial-portlet-7.1.0.11.war
2018-09-20 18:16:49.251 INFO  [com.liferay.portal.kernel.deploy.auto.AutoDeployScanner][AutoDeployDir:261] Processing powwow-portlet-7.1.0.11.war
2018-09-20 18:16:51.587 INFO  [main][VerifyProcess:66] Verifying com.liferay.mobile.device.rules.internal.verify.MDRServiceVerifyProcess
2018-09-20 18:16:51.591 INFO  [main][LoggingTimer:83] Starting com.liferay.portal.verify.VerifyResourcePermissions#_verifyResourcedModel#MDRRuleGroupInstance
2018-09-20 18:16:51.593 INFO  [main][LoggingTimer:43] Completed com.liferay.portal.verify.VerifyResourcePermissions#_verifyResourcedModel#MDRRuleGroupInstance in 2 ms
2018-09-20 18:16:51.595 INFO  [main][LoggingTimer:83] Starting com.liferay.portal.verify.VerifyResourcePermissions#_verifyResourcedModel#MDRRuleGroup
2018-09-20 18:16:51.596 INFO  [main][LoggingTimer:43] Completed com.liferay.portal.verify.VerifyResourcePermissions#_verifyResourcedModel#MDRRuleGroup in 1 ms
2018-09-20 18:16:51.597 INFO  [main][VerifyProcess:81] Completed verification process com.liferay.mobile.device.rules.internal.verify.MDRServiceVerifyProcess in 10ms
2018-09-20 18:16:58.955 INFO  [fileinstall-/Users/paulo/Documents/eclipse-workspace/bundles/liferay-portal/osgi/war][BaseAutoDeployListener:43] Copying themes for /Users/paulo/Documents/eclipse-workspace/bundles/liferay-portal/tomcat-9.0.10/temp/20180920181658926WGSIMWYG/admin-theme.war
2018-09-20 18:16:59.037 INFO  [fileinstall-/Users/paulo/Documents/eclipse-workspace/bundles/liferay-portal/osgi/war][BaseDeployer:877] Deploying admin-theme.war
2018-09-20 18:17:01.599 INFO  [fileinstall-/Users/paulo/Documents/eclipse-workspace/bundles/liferay-portal/osgi/war][BaseAutoDeployListener:50] Themes for /Users/paulo/Documents/eclipse-workspace/bundles/liferay-portal/tomcat-9.0.10/temp/20180920181658926WGSIMWYG/admin-theme.war copied successfully
2018-09-20 18:17:02.617 INFO  [main][VerifyProcess:66] Verifying com.liferay.blogs.internal.verify.VerifyBlogsTrackbacks
2018-09-20 18:17:02.618 INFO  [main][LoggingTimer:83] Starting com.liferay.blogs.internal.verify.VerifyBlogsTrackbacks#verifyMBDiscussions
2018-09-20 18:17:02.623 INFO  [main][LoggingTimer:43] Completed com.liferay.blogs.internal.verify.VerifyBlogsTrackbacks#verifyMBDiscussions in 5 ms
2018-09-20 18:17:02.623 INFO  [main][VerifyProcess:81] Completed verification process com.liferay.blogs.internal.verify.VerifyBlogsTrackbacks in 6ms
2018-09-20 18:17:04.341 INFO  [fileinstall-/Users/paulo/Documents/eclipse-workspace/bundles/liferay-portal/osgi/war][BaseAutoDeployListener:43] Copying themes for /Users/paulo/Documents/eclipse-workspace/bundles/liferay-portal/tomcat-9.0.10/temp/20180920181704321QNRZDDVY/fjord-theme.war
2018-09-20 18:17:04.401 INFO  [fileinstall-/Users/paulo/Documents/eclipse-workspace/bundles/liferay-portal/osgi/war][BaseDeployer:877] Deploying fjord-theme.war
2018-09-20 18:17:06.871 INFO  [fileinstall-/Users/paulo/Documents/eclipse-workspace/bundles/liferay-portal/osgi/war][BaseAutoDeployListener:50] Themes for /Users/paulo/Documents/eclipse-workspace/bundles/liferay-portal/tomcat-9.0.10/temp/20180920181704321QNRZDDVY/fjord-theme.war copied successfully
2018-09-20 18:17:09.304 INFO  [main][VerifyProcess:66] Verifying com.liferay.dynamic.data.mapping.verify.DDMServiceVerifyProcess
2018-09-20 18:17:09.306 INFO  [main][LoggingTimer:83] Starting com.liferay.dynamic.data.mapping.verify.DDMServiceVerifyProcess#verifyStructures
2018-09-20 18:17:09.406 INFO  [main][LoggingTimer:43] Completed com.liferay.dynamic.data.mapping.verify.DDMServiceVerifyProcess#verifyStructures in 100 ms
2018-09-20 18:17:09.408 INFO  [main][LoggingTimer:83] Starting com.liferay.dynamic.data.mapping.verify.DDMServiceVerifyProcess#verifyStructureLinks
2018-09-20 18:17:09.411 INFO  [main][LoggingTimer:43] Completed com.liferay.dynamic.data.mapping.verify.DDMServiceVerifyProcess#verifyStructureLinks in 3 ms
2018-09-20 18:17:09.413 INFO  [main][LoggingTimer:83] Starting com.liferay.dynamic.data.mapping.verify.DDMServiceVerifyProcess#verifyTemplateLinks
2018-09-20 18:17:09.415 INFO  [main][LoggingTimer:43] Completed com.liferay.dynamic.data.mapping.verify.DDMServiceVerifyProcess#verifyTemplateLinks in 2 ms
2018-09-20 18:17:09.417 INFO  [main][LoggingTimer:83] Starting com.liferay.dynamic.data.mapping.verify.DDMServiceVerifyProcess#verifyContents
2018-09-20 18:17:09.426 INFO  [main][LoggingTimer:43] Completed com.liferay.dynamic.data.mapping.verify.DDMServiceVerifyProcess#verifyContents in 9 ms
2018-09-20 18:17:09.427 INFO  [main][VerifyProcess:81] Completed verification process com.liferay.dynamic.data.mapping.verify.DDMServiceVerifyProcess in 123ms
2018-09-20 18:17:10.093 INFO  [fileinstall-/Users/paulo/Documents/eclipse-workspace/bundles/liferay-portal/osgi/war][BaseAutoDeployListener:43] Copying portlets for /Users/paulo/Documents/eclipse-workspace/bundles/liferay-portal/tomcat-9.0.10/temp/20180920181710019SVRBTBEI/opensocial-portlet.war
2018-09-20 18:17:10.231 INFO  [fileinstall-/Users/paulo/Documents/eclipse-workspace/bundles/liferay-portal/osgi/war][BaseDeployer:877] Deploying opensocial-portlet.war
2018-09-20 18:17:12.396 INFO  [fileinstall-/Users/paulo/Documents/eclipse-workspace/bundles/liferay-portal/osgi/war][BaseAutoDeployListener:50] Portlets for /Users/paulo/Documents/eclipse-workspace/bundles/liferay-portal/tomcat-9.0.10/temp/20180920181710019SVRBTBEI/opensocial-portlet.war copied successfully
2018-09-20 18:17:16.385 INFO  [main][VerifyProcess:66] Verifying com.liferay.polls.internal.verify.PollsServiceVerifyProcess
2018-09-20 18:17:16.388 INFO  [main][LoggingTimer:83] Starting com.liferay.polls.internal.verify.PollsServiceVerifyProcess#verifyAuditedModels
2018-09-20 18:17:16.392 INFO  [main][LoggingTimer:83] Starting com.liferay.portal.verify.VerifyAuditedModel#verifyAuditedModel#PollsChoice
2018-09-20 18:17:16.394 INFO  [main][LoggingTimer:43] Completed com.liferay.portal.verify.VerifyAuditedModel#verifyAuditedModel#PollsChoice in 2 ms
2018-09-20 18:17:16.396 INFO  [main][LoggingTimer:83] Starting com.liferay.portal.verify.VerifyAuditedModel#verifyAuditedModel#PollsVote
2018-09-20 18:17:16.397 INFO  [main][LoggingTimer:43] Completed com.liferay.portal.verify.VerifyAuditedModel#verifyAuditedModel#PollsVote in 1 ms
2018-09-20 18:17:16.398 INFO  [main][LoggingTimer:43] Completed com.liferay.polls.internal.verify.PollsServiceVerifyProcess#verifyAuditedModels in 10 ms
2018-09-20 18:17:16.400 INFO  [main][LoggingTimer:83] Starting com.liferay.polls.internal.verify.PollsServiceVerifyProcess#verifyGroupedModels
2018-09-20 18:17:16.409 INFO  [pool-9-thread-1][LoggingTimer:83] Starting com.liferay.portal.verify.VerifyGroupedModel#verifyGroupedModel#PollsChoice
2018-09-20 18:17:16.411 INFO  [pool-9-thread-1][LoggingTimer:43] Completed com.liferay.portal.verify.VerifyGroupedModel#verifyGroupedModel#PollsChoice in 2 ms
2018-09-20 18:17:16.412 INFO  [pool-10-thread-1][LoggingTimer:83] Starting com.liferay.portal.verify.VerifyGroupedModel#verifyGroupedModel#PollsVote
2018-09-20 18:17:16.414 INFO  [pool-10-thread-1][LoggingTimer:43] Completed com.liferay.portal.verify.VerifyGroupedModel#verifyGroupedModel#PollsVote in 2 ms
2018-09-20 18:17:16.415 INFO  [main][LoggingTimer:43] Completed com.liferay.polls.internal.verify.PollsServiceVerifyProcess#verifyGroupedModels in 15 ms
2018-09-20 18:17:16.416 INFO  [main][VerifyProcess:81] Completed verification process com.liferay.polls.internal.verify.PollsServiceVerifyProcess in 31ms
2018-09-20 18:17:16.888 INFO  [main][VerifyProcess:66] Verifying com.liferay.portal.security.service.access.policy.internal.verify.SAPServiceVerifyProcess
2018-09-20 18:17:16.889 INFO  [main][LoggingTimer:83] Starting com.liferay.portal.security.service.access.policy.internal.verify.SAPServiceVerifyProcess#verifyDefaultSAPEntry
2018-09-20 18:17:16.955 INFO  [main][LoggingTimer:43] Completed com.liferay.portal.security.service.access.policy.internal.verify.SAPServiceVerifyProcess#verifyDefaultSAPEntry in 66 ms
2018-09-20 18:17:16.956 INFO  [main][VerifyProcess:81] Completed verification process com.liferay.portal.security.service.access.policy.internal.verify.SAPServiceVerifyProcess in 68ms
2018-09-20 18:17:21.170 INFO  [main][VerifyProcess:66] Verifying com.liferay.wiki.internal.verify.WikiServiceVerifyProcess
2018-09-20 18:17:21.177 INFO  [main][VerifyProcess:81] Completed verification process com.liferay.wiki.internal.verify.WikiServiceVerifyProcess in 7ms
2018-09-20 18:17:21.357 INFO  [main][VerifyProcess:66] Verifying com.liferay.blogs.internal.verify.BlogsServiceVerifyProcess
2018-09-20 18:17:21.362 INFO  [main][VerifyProcess:81] Completed verification process com.liferay.blogs.internal.verify.BlogsServiceVerifyProcess in 5ms
2018-09-20 18:17:21.439 INFO  [main][VerifyProcess:66] Verifying com.liferay.bookmarks.internal.verify.BookmarksServiceVerifyProcess
2018-09-20 18:17:21.441 INFO  [main][LoggingTimer:83] Starting com.liferay.bookmarks.internal.verify.BookmarksServiceVerifyProcess#updateFolderAssets
2018-09-20 18:17:21.447 INFO  [main][LoggingTimer:43] Completed com.liferay.bookmarks.internal.verify.BookmarksServiceVerifyProcess#updateFolderAssets in 6 ms
2018-09-20 18:17:21.470 INFO  [main][LoggingTimer:83] Starting com.liferay.bookmarks.internal.verify.BookmarksServiceVerifyProcess#verifyTree
2018-09-20 18:17:21.514 INFO  [main][LoggingTimer:43] Completed com.liferay.bookmarks.internal.verify.BookmarksServiceVerifyProcess#verifyTree in 44 ms
2018-09-20 18:17:21.515 INFO  [main][VerifyProcess:81] Completed verification process com.liferay.bookmarks.internal.verify.BookmarksServiceVerifyProcess in 76ms
2018-09-20 18:17:21.626 INFO  [main][VerifyProcess:66] Verifying com.liferay.message.boards.internal.verify.MessageBoardsServiceVerifyProcess
2018-09-20 18:17:21.635 INFO  [main][LoggingTimer:83] Starting com.liferay.message.boards.internal.verify.MessageBoardsServiceVerifyProcess#verifyAuditedModels
2018-09-20 18:17:21.639 INFO  [main][LoggingTimer:83] Starting com.liferay.portal.verify.VerifyAuditedModel#verifyAuditedModel#MBDiscussion
2018-09-20 18:17:21.642 INFO  [main][LoggingTimer:43] Completed com.liferay.portal.verify.VerifyAuditedModel#verifyAuditedModel#MBDiscussion in 3 ms
2018-09-20 18:17:21.645 INFO  [main][LoggingTimer:83] Starting com.liferay.portal.verify.VerifyAuditedModel#verifyAuditedModel#MBThread
2018-09-20 18:17:21.650 INFO  [main][LoggingTimer:43] Completed com.liferay.portal.verify.VerifyAuditedModel#verifyAuditedModel#MBThread in 5 ms
2018-09-20 18:17:21.652 INFO  [main][LoggingTimer:83] Starting com.liferay.portal.verify.VerifyAuditedModel#verifyAuditedModel#MBThreadFlag
2018-09-20 18:17:21.654 INFO  [main][LoggingTimer:43] Completed com.liferay.portal.verify.VerifyAuditedModel#verifyAuditedModel#MBThreadFlag in 2 ms
2018-09-20 18:17:21.655 INFO  [main][LoggingTimer:43] Completed com.liferay.message.boards.internal.verify.MessageBoardsServiceVerifyProcess#verifyAuditedModels in 20 ms
2018-09-20 18:17:21.657 INFO  [main][LoggingTimer:83] Starting com.liferay.message.boards.internal.verify.MessageBoardsServiceVerifyProcess#verifyGroupedModels
2018-09-20 18:17:21.658 INFO  [pool-11-thread-1][LoggingTimer:83] Starting com.liferay.portal.verify.VerifyGroupedModel#verifyGroupedModel#MBDiscussion
2018-09-20 18:17:21.658 INFO  [pool-11-thread-2][LoggingTimer:83] Starting com.liferay.portal.verify.VerifyGroupedModel#verifyGroupedModel#MBThreadFlag
2018-09-20 18:17:21.660 INFO  [pool-11-thread-1][LoggingTimer:43] Completed com.liferay.portal.verify.VerifyGroupedModel#verifyGroupedModel#MBDiscussion in 2 ms
2018-09-20 18:17:21.660 INFO  [pool-11-thread-2][LoggingTimer:43] Completed com.liferay.portal.verify.VerifyGroupedModel#verifyGroupedModel#MBThreadFlag in 2 ms
2018-09-20 18:17:21.661 INFO  [main][LoggingTimer:43] Completed com.liferay.message.boards.internal.verify.MessageBoardsServiceVerifyProcess#verifyGroupedModels in 4 ms
2018-09-20 18:17:21.661 INFO  [main][VerifyProcess:81] Completed verification process com.liferay.message.boards.internal.verify.MessageBoardsServiceVerifyProcess in 35ms
2018-09-20 18:17:21.664 INFO  [fileinstall-/Users/paulo/Documents/eclipse-workspace/bundles/liferay-portal/osgi/war][BaseAutoDeployListener:43] Copying themes for /Users/paulo/Documents/eclipse-workspace/bundles/liferay-portal/tomcat-9.0.10/temp/20180920181721622WSZUPOAI/porygon-theme.war
2018-09-20 18:17:21.748 INFO  [fileinstall-/Users/paulo/Documents/eclipse-workspace/bundles/liferay-portal/osgi/war][BaseDeployer:877] Deploying porygon-theme.war
2018-09-20 18:17:24.203 INFO  [fileinstall-/Users/paulo/Documents/eclipse-workspace/bundles/liferay-portal/osgi/war][BaseAutoDeployListener:50] Themes for /Users/paulo/Documents/eclipse-workspace/bundles/liferay-portal/tomcat-9.0.10/temp/20180920181721622WSZUPOAI/porygon-theme.war copied successfully
2018-09-20 18:17:25.528 INFO  [main][UpgradeProcess:93] Upgrading com.liferay.portal.search.web.internal.upgrade.v2_0_0.UpgradeSearchPortlet
2018-09-20 18:17:25.531 INFO  [main][UpgradeProcess:107] Completed upgrade process com.liferay.portal.search.web.internal.upgrade.v2_0_0.UpgradeSearchPortlet in 4 ms
2018-09-20 18:17:26.108 INFO  [main][UpgradeProcess:93] Upgrading com.liferay.asset.publisher.layout.prototype.internal.upgrade.v1_0_0.UpgradeLocalizedColumn
2018-09-20 18:17:26.161 INFO  [main][LoggingTimer:83] Starting com.liferay.portal.kernel.upgrade.UpgradeProcess#alter
2018-09-20 18:17:26.222 INFO  [main][LoggingTimer:43] Completed com.liferay.portal.kernel.upgrade.UpgradeProcess#alter in 61 ms
2018-09-20 18:17:26.248 INFO  [main][LoggingTimer:83] Starting com.liferay.portal.kernel.upgrade.UpgradeProcess#alter
2018-09-20 18:17:26.270 INFO  [main][LoggingTimer:43] Completed com.liferay.portal.kernel.upgrade.UpgradeProcess#alter in 22 ms
2018-09-20 18:17:26.275 INFO  [main][UpgradeProcess:107] Completed upgrade process com.liferay.asset.publisher.layout.prototype.internal.upgrade.v1_0_0.UpgradeLocalizedColumn in 167 ms
2018-09-20 18:17:26.497 INFO  [main][UpgradeProcess:93] Upgrading com.liferay.blogs.layout.prototype.internal.upgrade.v1_0_0.UpgradeLocalizedColumn
2018-09-20 18:17:26.529 INFO  [main][UpgradeProcess:107] Completed upgrade process com.liferay.blogs.layout.prototype.internal.upgrade.v1_0_0.UpgradeLocalizedColumn in 32 ms
2018-09-20 18:17:26.717 INFO  [main][UpgradeProcess:93] Upgrading com.liferay.contacts.web.internal.upgrade.v1_0_0.UpgradePortletId
2018-09-20 18:17:26.719 INFO  [main][LoggingTimer:83] Starting com.liferay.portal.kernel.upgrade.BaseUpgradePortletId#upgradeInstanceablePortletIds
2018-09-20 18:17:26.747 INFO  [main][LoggingTimer:43] Completed com.liferay.portal.kernel.upgrade.BaseUpgradePortletId#upgradeInstanceablePortletIds in 28 ms
2018-09-20 18:17:26.750 INFO  [main][LoggingTimer:83] Starting com.liferay.portal.kernel.upgrade.BaseUpgradePortletId#upgradeUninstanceablePortletIds
2018-09-20 18:17:26.751 INFO  [main][LoggingTimer:43] Completed com.liferay.portal.kernel.upgrade.BaseUpgradePortletId#upgradeUninstanceablePortletIds in 1 ms
2018-09-20 18:17:26.751 INFO  [main][UpgradeProcess:107] Completed upgrade process com.liferay.contacts.web.internal.upgrade.v1_0_0.UpgradePortletId in 34 ms
2018-09-20 18:17:26.942 INFO  [main][UpgradeProcess:93] Upgrading com.liferay.document.library.layout.set.prototype.internal.upgrade.v1_0_0.UpgradeLocalizedColumn
2018-09-20 18:17:26.956 INFO  [main][LoggingTimer:83] Starting com.liferay.portal.kernel.upgrade.UpgradeProcess#alter
2018-09-20 18:17:26.989 INFO  [main][LoggingTimer:43] Completed com.liferay.portal.kernel.upgrade.UpgradeProcess#alter in 33 ms
2018-09-20 18:17:27.002 INFO  [main][LoggingTimer:83] Starting com.liferay.portal.kernel.upgrade.UpgradeProcess#alter
2018-09-20 18:17:27.020 INFO  [main][LoggingTimer:43] Completed com.liferay.portal.kernel.upgrade.UpgradeProcess#alter in 18 ms
2018-09-20 18:17:27.024 INFO  [main][UpgradeProcess:107] Completed upgrade process com.liferay.document.library.layout.set.prototype.internal.upgrade.v1_0_0.UpgradeLocalizedColumn in 82 ms
2018-09-20 18:17:27.485 INFO  [fileinstall-/Users/paulo/Documents/eclipse-workspace/bundles/liferay-portal/osgi/war][BaseAutoDeployListener:43] Copying portlets for /Users/paulo/Documents/eclipse-workspace/bundles/liferay-portal/tomcat-9.0.10/temp/20180920181727471NTSTMECT/powwow-portlet.war
2018-09-20 18:17:27.544 INFO  [main][UpgradeProcess:93] Upgrading com.liferay.layout.internal.upgrade.v1_0_0.UpgradeLayoutPermissions
2018-09-20 18:17:27.546 INFO  [main][LoggingTimer:83] Starting com.liferay.layout.internal.upgrade.v1_0_0.UpgradeLayoutPermissions#doUpgrade
2018-09-20 18:17:27.547 INFO  [main][LoggingTimer:43] Completed com.liferay.layout.internal.upgrade.v1_0_0.UpgradeLayoutPermissions#doUpgrade in 1 ms
2018-09-20 18:17:27.548 INFO  [main][UpgradeProcess:107] Completed upgrade process com.liferay.layout.internal.upgrade.v1_0_0.UpgradeLayoutPermissions in 4 ms
2018-09-20 18:17:27.574 INFO  [fileinstall-/Users/paulo/Documents/eclipse-workspace/bundles/liferay-portal/osgi/war][BaseDeployer:877] Deploying powwow-portlet.war
2018-09-20 18:17:27.622 INFO  [main][UpgradeProcess:93] Upgrading com.liferay.license.manager.web.internal.upgrade.v1_0_1.UpgradePortletId
2018-09-20 18:17:27.623 INFO  [main][UpgradeProcess:107] Completed upgrade process com.liferay.license.manager.web.internal.upgrade.v1_0_1.UpgradePortletId in 1 ms
2018-09-20 18:17:27.761 INFO  [main][UpgradeProcess:93] Upgrading com.liferay.message.boards.layout.set.prototype.internal.upgrade.v1_0_0.UpgradeLocalizedColumn
2018-09-20 18:17:27.772 INFO  [main][UpgradeProcess:107] Completed upgrade process com.liferay.message.boards.layout.set.prototype.internal.upgrade.v1_0_0.UpgradeLocalizedColumn in 11 ms
2018-09-20 18:17:27.853 INFO  [main][UpgradeProcess:93] Upgrading com.liferay.microblogs.web.internal.upgrade.v1_0_0.UpgradePortletId
2018-09-20 18:17:27.854 INFO  [main][LoggingTimer:83] Starting com.liferay.portal.kernel.upgrade.BaseUpgradePortletId#upgradeInstanceablePortletIds
2018-09-20 18:17:27.877 INFO  [main][LoggingTimer:43] Completed com.liferay.portal.kernel.upgrade.BaseUpgradePortletId#upgradeInstanceablePortletIds in 23 ms
2018-09-20 18:17:27.878 INFO  [main][LoggingTimer:83] Starting com.liferay.portal.kernel.upgrade.BaseUpgradePortletId#upgradeUninstanceablePortletIds
2018-09-20 18:17:27.879 INFO  [main][LoggingTimer:43] Completed com.liferay.portal.kernel.upgrade.BaseUpgradePortletId#upgradeUninstanceablePortletIds in 1 ms
2018-09-20 18:17:27.879 INFO  [main][UpgradeProcess:107] Completed upgrade process com.liferay.microblogs.web.internal.upgrade.v1_0_0.UpgradePortletId in 26 ms
2018-09-20 18:17:28.298 INFO  [fileinstall-/Users/paulo/Documents/eclipse-workspace/bundles/liferay-portal/osgi/war][BaseAutoDeployListener:50] Portlets for /Users/paulo/Documents/eclipse-workspace/bundles/liferay-portal/tomcat-9.0.10/temp/20180920181727471NTSTMECT/powwow-portlet.war copied successfully
2018-09-20 18:17:28.398 INFO  [main][UpgradeProcess:93] Upgrading com.liferay.push.notifications.web.internal.upgrade.v1_0_0.UpgradePortletId
2018-09-20 18:17:28.399 INFO  [main][LoggingTimer:83] Starting com.liferay.portal.kernel.upgrade.BaseUpgradePortletId#upgradeInstanceablePortletIds
2018-09-20 18:17:28.427 INFO  [main][LoggingTimer:43] Completed com.liferay.portal.kernel.upgrade.BaseUpgradePortletId#upgradeInstanceablePortletIds in 28 ms
2018-09-20 18:17:28.430 INFO  [main][LoggingTimer:83] Starting com.liferay.portal.kernel.upgrade.BaseUpgradePortletId#upgradeUninstanceablePortletIds
2018-09-20 18:17:28.430 INFO  [main][LoggingTimer:43] Completed com.liferay.portal.kernel.upgrade.BaseUpgradePortletId#upgradeUninstanceablePortletIds in 1 ms
2018-09-20 18:17:28.431 INFO  [main][UpgradeProcess:107] Completed upgrade process com.liferay.push.notifications.web.internal.upgrade.v1_0_0.UpgradePortletId in 33 ms
2018-09-20 18:17:29.097 INFO  [main][UpgradeProcess:93] Upgrading com.liferay.sync.web.internal.upgrade.SyncWebUpgrade$1
2018-09-20 18:17:29.098 INFO  [main][LoggingTimer:83] Starting com.liferay.portal.kernel.upgrade.BaseUpgradePortletId#upgradeInstanceablePortletIds
2018-09-20 18:17:29.109 INFO  [main][LoggingTimer:43] Completed com.liferay.portal.kernel.upgrade.BaseUpgradePortletId#upgradeInstanceablePortletIds in 11 ms
2018-09-20 18:17:29.110 INFO  [main][LoggingTimer:83] Starting com.liferay.portal.kernel.upgrade.BaseUpgradePortletId#upgradeUninstanceablePortletIds
2018-09-20 18:17:29.110 INFO  [main][LoggingTimer:43] Completed com.liferay.portal.kernel.upgrade.BaseUpgradePortletId#upgradeUninstanceablePortletIds in 0 ms
2018-09-20 18:17:29.111 INFO  [main][UpgradeProcess:107] Completed upgrade process com.liferay.sync.web.internal.upgrade.SyncWebUpgrade$1 in 14 ms
2018-09-20 18:17:29.305 INFO  [main][UpgradeProcess:93] Upgrading com.liferay.wiki.layout.prototype.internal.upgrade.v1_0_0.UpgradeLocalizedColumn
2018-09-20 18:17:29.314 INFO  [main][UpgradeProcess:107] Completed upgrade process com.liferay.wiki.layout.prototype.internal.upgrade.v1_0_0.UpgradeLocalizedColumn in 10 ms
2018-09-20 18:17:29.405 INFO  [main][UpgradeProcess:93] Upgrading com.liferay.document.library.internal.upgrade.v1_0_1.UpgradeDLConfiguration
2018-09-20 18:17:29.407 INFO  [main][UpgradeProcess:107] Completed upgrade process com.liferay.document.library.internal.upgrade.v1_0_1.UpgradeDLConfiguration in 2 ms
2018-09-20 18:17:29.415 INFO  [main][UpgradeProcess:93] Upgrading com.liferay.document.library.internal.upgrade.v1_0_1.UpgradeDLFileEntryConfiguration
2018-09-20 18:17:29.416 INFO  [main][UpgradeProcess:107] Completed upgrade process com.liferay.document.library.internal.upgrade.v1_0_1.UpgradeDLFileEntryConfiguration in 1 ms
2018-09-20 18:17:29.419 INFO  [main][UpgradeProcess:93] Upgrading com.liferay.document.library.internal.upgrade.v1_0_2.UpgradeDLFileShortcut
2018-09-20 18:17:29.422 INFO  [main][LoggingTimer:83] Starting com.liferay.document.library.internal.upgrade.v1_0_2.UpgradeDLFileShortcut#doUpgrade
2018-09-20 18:17:29.424 INFO  [main][LoggingTimer:43] Completed com.liferay.document.library.internal.upgrade.v1_0_2.UpgradeDLFileShortcut#doUpgrade in 2 ms
2018-09-20 18:17:29.425 INFO  [main][UpgradeProcess:107] Completed upgrade process com.liferay.document.library.internal.upgrade.v1_0_2.UpgradeDLFileShortcut in 6 ms
2018-09-20 18:17:29.443 INFO  [main][VerifyProcess:66] Verifying com.liferay.document.library.internal.verify.DLServiceVerifyProcess
2018-09-20 18:17:29.444 INFO  [main][LoggingTimer:83] Starting com.liferay.document.library.internal.verify.DLServiceVerifyProcess#checkDLFileEntryMetadata
2018-09-20 18:17:29.451 INFO  [main][LoggingTimer:43] Completed com.liferay.document.library.internal.verify.DLServiceVerifyProcess#checkDLFileEntryMetadata in 7 ms
2018-09-20 18:17:29.452 INFO  [main][LoggingTimer:83] Starting com.liferay.document.library.internal.verify.DLServiceVerifyProcess#checkMimeTypes
2018-09-20 18:17:29.462 INFO  [main][LoggingTimer:43] Completed com.liferay.document.library.internal.verify.DLServiceVerifyProcess#checkMimeTypes in 10 ms
2018-09-20 18:17:29.463 INFO  [main][LoggingTimer:83] Starting com.liferay.document.library.internal.verify.DLServiceVerifyProcess#updateClassNameId
2018-09-20 18:17:29.464 INFO  [main][LoggingTimer:43] Completed com.liferay.document.library.internal.verify.DLServiceVerifyProcess#updateClassNameId in 1 ms
2018-09-20 18:17:29.465 INFO  [main][LoggingTimer:83] Starting com.liferay.document.library.internal.verify.DLServiceVerifyProcess#updateFileEntryAssets
2018-09-20 18:17:29.476 INFO  [main][LoggingTimer:43] Completed com.liferay.document.library.internal.verify.DLServiceVerifyProcess#updateFileEntryAssets in 11 ms
2018-09-20 18:17:29.477 INFO  [main][LoggingTimer:83] Starting com.liferay.document.library.internal.verify.DLServiceVerifyProcess#updateFolderAssets
2018-09-20 18:17:29.486 INFO  [main][LoggingTimer:43] Completed com.liferay.document.library.internal.verify.DLServiceVerifyProcess#updateFolderAssets in 9 ms
2018-09-20 18:17:29.495 INFO  [main][VerifyProcess:81] Completed verification process com.liferay.document.library.internal.verify.DLServiceVerifyProcess in 52ms
2018-09-20 18:17:29.548 INFO  [main][UpgradeProcess:93] Upgrading com.liferay.portal.upload.internal.upgrade.v1_0_0.UpgradeUploadServletRequestConfiguration
2018-09-20 18:17:29.549 INFO  [main][UpgradeProcess:107] Completed upgrade process com.liferay.portal.upload.internal.upgrade.v1_0_0.UpgradeUploadServletRequestConfiguration in 1 ms
2018-09-20 18:17:29.587 INFO  [main][UpgradeProcess:93] Upgrading com.liferay.document.library.document.conversion.internal.upgrade.v1_0_0.UpgradeOpenOfficeConfiguration
2018-09-20 18:17:29.608 INFO  [main][UpgradeProcess:107] Completed upgrade process com.liferay.document.library.document.conversion.internal.upgrade.v1_0_0.UpgradeOpenOfficeConfiguration in 21 ms
2018-09-20 18:17:29.663 INFO  [main][UpgradeProcess:93] Upgrading com.liferay.captcha.internal.upgrade.v1_0_0.UpgradeCaptchaConfiguration
2018-09-20 18:17:29.676 INFO  [main][UpgradeProcess:107] Completed upgrade process com.liferay.captcha.internal.upgrade.v1_0_0.UpgradeCaptchaConfiguration in 13 ms
2018-09-20 18:17:29.856 INFO  [main][UpgradeProcess:93] Upgrading com.liferay.blogs.web.internal.upgrade.v1_1_0.UpgradePortletPreferences
2018-09-20 18:17:29.856 INFO  [main][LoggingTimer:83] Starting com.liferay.portal.kernel.upgrade.BaseUpgradePortletPreferences#updatePortletPreferences
2018-09-20 18:17:29.857 INFO  [main][LoggingTimer:43] Completed com.liferay.portal.kernel.upgrade.BaseUpgradePortletPreferences#updatePortletPreferences in 1 ms
2018-09-20 18:17:29.858 INFO  [main][UpgradeProcess:107] Completed upgrade process com.liferay.blogs.web.internal.upgrade.v1_1_0.UpgradePortletPreferences in 2 ms
2018-09-20 18:17:29.863 INFO  [main][UpgradeProcess:93] Upgrading com.liferay.blogs.web.internal.upgrade.v1_2_0.UpgradePortletPreferences
2018-09-20 18:17:29.864 INFO  [main][LoggingTimer:83] Starting com.liferay.portal.kernel.upgrade.BaseUpgradePortletPreferences#updatePortletPreferences
2018-09-20 18:17:29.864 INFO  [main][LoggingTimer:43] Completed com.liferay.portal.kernel.upgrade.BaseUpgradePortletPreferences#updatePortletPreferences in 0 ms
2018-09-20 18:17:29.865 INFO  [main][UpgradeProcess:107] Completed upgrade process com.liferay.blogs.web.internal.upgrade.v1_2_0.UpgradePortletPreferences in 2 ms
2018-09-20 18:17:29.903 INFO  [main][UpgradeProcess:93] Upgrading com.liferay.users.admin.web.internal.upgrade.v1_0_0.UpgradeFileUploadsConfiguration
2018-09-20 18:17:29.907 INFO  [main][UpgradeProcess:107] Completed upgrade process com.liferay.users.admin.web.internal.upgrade.v1_0_0.UpgradeFileUploadsConfiguration in 4 ms
2018-09-20 18:17:29.915 INFO  [main][UpgradeProcess:93] Upgrading com.liferay.users.admin.web.internal.upgrade.UsersAdminWebUpgrade$1
2018-09-20 18:17:29.917 INFO  [main][LoggingTimer:83] Starting com.liferay.portal.kernel.upgrade.BaseUpgradePortletId#upgradeInstanceablePortletIds
2018-09-20 18:17:29.925 INFO  [main][LoggingTimer:43] Completed com.liferay.portal.kernel.upgrade.BaseUpgradePortletId#upgradeInstanceablePortletIds in 8 ms
2018-09-20 18:17:29.927 INFO  [main][LoggingTimer:83] Starting com.liferay.portal.kernel.upgrade.BaseUpgradePortletId#upgradeUninstanceablePortletIds
2018-09-20 18:17:29.929 INFO  [main][LoggingTimer:43] Completed com.liferay.portal.kernel.upgrade.BaseUpgradePortletId#upgradeUninstanceablePortletIds in 2 ms
2018-09-20 18:17:29.930 INFO  [main][UpgradeProcess:107] Completed upgrade process com.liferay.users.admin.web.internal.upgrade.UsersAdminWebUpgrade$1 in 15 ms
2018-09-20 18:17:30.017 INFO  [main][UpgradeProcess:93] Upgrading com.liferay.dynamic.data.mapping.form.web.internal.upgrade.v1_0_0.UpgradeDDMFormPortletPreferences
2018-09-20 18:17:30.018 INFO  [main][LoggingTimer:83] Starting com.liferay.portal.kernel.upgrade.BaseUpgradePortletPreferences#updatePortletPreferences
2018-09-20 18:17:30.019 INFO  [main][LoggingTimer:43] Completed com.liferay.portal.kernel.upgrade.BaseUpgradePortletPreferences#updatePortletPreferences in 1 ms
2018-09-20 18:17:30.019 INFO  [main][UpgradeProcess:107] Completed upgrade process com.liferay.dynamic.data.mapping.form.web.internal.upgrade.v1_0_0.UpgradeDDMFormPortletPreferences in 2 ms
2018-09-20 18:17:30.063 INFO  [fileinstall-/Users/paulo/Documents/eclipse-workspace/bundles/liferay-portal/osgi/war][BaseAutoDeployListener:43] Copying hook plugin for /Users/paulo/Documents/eclipse-workspace/bundles/liferay-portal/tomcat-9.0.10/temp/20180920181730059SESSLYFI/social-bookmarks-hook.war
2018-09-20 18:17:30.082 INFO  [main][UpgradeProcess:93] Upgrading com.liferay.calendar.web.internal.upgrade.v1_0_1.UpgradePortletPreferences
2018-09-20 18:17:30.082 INFO  [main][LoggingTimer:83] Starting com.liferay.portal.kernel.upgrade.BaseUpgradePortletPreferences#updatePortletPreferences
2018-09-20 18:17:30.091 INFO  [main][LoggingTimer:43] Completed com.liferay.portal.kernel.upgrade.BaseUpgradePortletPreferences#updatePortletPreferences in 9 ms
2018-09-20 18:17:30.091 INFO  [main][UpgradeProcess:107] Completed upgrade process com.liferay.calendar.web.internal.upgrade.v1_0_1.UpgradePortletPreferences in 9 ms
2018-09-20 18:17:30.098 INFO  [fileinstall-/Users/paulo/Documents/eclipse-workspace/bundles/liferay-portal/osgi/war][BaseDeployer:877] Deploying social-bookmarks-hook.war
2018-09-20 18:17:30.100 INFO  [main][UpgradeProcess:93] Upgrading com.liferay.calendar.web.internal.upgrade.v1_1_0.UpgradePortalPreferences
2018-09-20 18:17:30.101 INFO  [main][LoggingTimer:83] Starting com.liferay.calendar.web.internal.upgrade.v1_1_0.UpgradePortalPreferences#populatePreferenceNamesMap
2018-09-20 18:17:30.103 INFO  [main][LoggingTimer:43] Completed com.liferay.calendar.web.internal.upgrade.v1_1_0.UpgradePortalPreferences#populatePreferenceNamesMap in 2 ms
2018-09-20 18:17:30.105 INFO  [main][LoggingTimer:83] Starting com.liferay.portal.kernel.upgrade.RenameUpgradePortalPreferences#updatePreferences#PortalPreferences
2018-09-20 18:17:30.106 INFO  [main][LoggingTimer:43] Completed com.liferay.portal.kernel.upgrade.RenameUpgradePortalPreferences#updatePreferences#PortalPreferences in 1 ms
2018-09-20 18:17:30.107 INFO  [main][LoggingTimer:83] Starting com.liferay.portal.kernel.upgrade.RenameUpgradePortalPreferences#updatePreferences#PortalPreferences
2018-09-20 18:17:30.109 INFO  [main][LoggingTimer:43] Completed com.liferay.portal.kernel.upgrade.RenameUpgradePortalPreferences#updatePreferences#PortalPreferences in 2 ms
2018-09-20 18:17:30.110 INFO  [main][LoggingTimer:83] Starting com.liferay.portal.kernel.upgrade.RenameUpgradePortalPreferences#updatePreferences#PortalPreferences
2018-09-20 18:17:30.111 INFO  [main][LoggingTimer:43] Completed com.liferay.portal.kernel.upgrade.RenameUpgradePortalPreferences#updatePreferences#PortalPreferences in 1 ms
2018-09-20 18:17:30.112 INFO  [main][UpgradeProcess:107] Completed upgrade process com.liferay.calendar.web.internal.upgrade.v1_1_0.UpgradePortalPreferences in 12 ms
2018-09-20 18:17:30.123 INFO  [main][UpgradeProcess:93] Upgrading com.liferay.calendar.web.internal.upgrade.v1_1_0.UpgradePortletId
2018-09-20 18:17:30.124 INFO  [main][LoggingTimer:83] Starting com.liferay.portal.kernel.upgrade.BaseUpgradePortletId#upgradeInstanceablePortletIds
2018-09-20 18:17:30.124 INFO  [main][LoggingTimer:43] Completed com.liferay.portal.kernel.upgrade.BaseUpgradePortletId#upgradeInstanceablePortletIds in 0 ms
2018-09-20 18:17:30.124 INFO  [main][LoggingTimer:83] Starting com.liferay.portal.kernel.upgrade.BaseUpgradePortletId#upgradeUninstanceablePortletIds
2018-09-20 18:17:30.129 INFO  [main][LoggingTimer:43] Completed com.liferay.portal.kernel.upgrade.BaseUpgradePortletId#upgradeUninstanceablePortletIds in 5 ms
2018-09-20 18:17:30.129 INFO  [main][UpgradeProcess:107] Completed upgrade process com.liferay.calendar.web.internal.upgrade.v1_1_0.UpgradePortletId in 6 ms
2018-09-20 18:17:30.140 INFO  [main][UpgradeProcess:93] Upgrading com.liferay.calendar.web.internal.upgrade.v1_1_1.UpgradeEventsDisplayPortletId
2018-09-20 18:17:30.143 INFO  [main][LoggingTimer:83] Starting com.liferay.portal.kernel.upgrade.BaseUpgradePortletId#upgradeInstanceablePortletIds
2018-09-20 18:17:30.172 INFO  [main][LoggingTimer:43] Completed com.liferay.portal.kernel.upgrade.BaseUpgradePortletId#upgradeInstanceablePortletIds in 29 ms
2018-09-20 18:17:30.173 INFO  [main][LoggingTimer:83] Starting com.liferay.portal.kernel.upgrade.BaseUpgradePortletId#upgradeUninstanceablePortletIds
2018-09-20 18:17:30.174 INFO  [main][LoggingTimer:43] Completed com.liferay.portal.kernel.upgrade.BaseUpgradePortletId#upgradeUninstanceablePortletIds in 1 ms
2018-09-20 18:17:30.175 INFO  [main][UpgradeProcess:107] Completed upgrade process com.liferay.calendar.web.internal.upgrade.v1_1_1.UpgradeEventsDisplayPortletId in 35 ms
2018-09-20 18:17:30.417 INFO  [fileinstall-/Users/paulo/Documents/eclipse-workspace/bundles/liferay-portal/osgi/war][BaseAutoDeployListener:50] Hook for /Users/paulo/Documents/eclipse-workspace/bundles/liferay-portal/tomcat-9.0.10/temp/20180920181730059SESSLYFI/social-bookmarks-hook.war copied successfully
2018-09-20 18:17:30.612 INFO  [main][UpgradeProcess:93] Upgrading com.liferay.knowledge.base.web.internal.upgrade.v1_1_0.UpgradePortletPreferences
2018-09-20 18:17:30.613 INFO  [main][LoggingTimer:83] Starting com.liferay.portal.kernel.upgrade.BaseUpgradePortletPreferences#updatePortletPreferences
2018-09-20 18:17:30.615 INFO  [main][LoggingTimer:43] Completed com.liferay.portal.kernel.upgrade.BaseUpgradePortletPreferences#updatePortletPreferences in 2 ms
2018-09-20 18:17:30.616 INFO  [main][UpgradeProcess:107] Completed upgrade process com.liferay.knowledge.base.web.internal.upgrade.v1_1_0.UpgradePortletPreferences in 4 ms
2018-09-20 18:17:30.620 INFO  [main][UpgradeProcess:93] Upgrading com.liferay.knowledge.base.web.internal.upgrade.v1_2_0.UpgradePortletPreferences
2018-09-20 18:17:30.620 INFO  [main][LoggingTimer:83] Starting com.liferay.portal.kernel.upgrade.BaseUpgradePortletPreferences#updatePortletPreferences
2018-09-20 18:17:30.621 INFO  [main][LoggingTimer:43] Completed com.liferay.portal.kernel.upgrade.BaseUpgradePortletPreferences#updatePortletPreferences in 1 ms
2018-09-20 18:17:30.622 INFO  [main][UpgradeProcess:107] Completed upgrade process com.liferay.knowledge.base.web.internal.upgrade.v1_2_0.UpgradePortletPreferences in 2 ms
2018-09-20 18:17:30.720 INFO  [fileinstall-/Users/paulo/Documents/eclipse-workspace/bundles/liferay-portal/osgi/war][BaseAutoDeployListener:43] Copying portlets for /Users/paulo/Documents/eclipse-workspace/bundles/liferay-portal/tomcat-9.0.10/temp/20180920181730713XBKZIETP/tasks-portlet.war
2018-09-20 18:17:30.845 INFO  [fileinstall-/Users/paulo/Documents/eclipse-workspace/bundles/liferay-portal/osgi/war][BaseDeployer:877] Deploying tasks-portlet.war
2018-09-20 18:17:30.846 INFO  [main][UpgradeProcess:93] Upgrading com.liferay.mobile.device.rules.web.internal.upgrade.MDRActionUpgrade
2018-09-20 18:17:30.856 INFO  [main][UpgradeProcess:107] Completed upgrade process com.liferay.mobile.device.rules.web.internal.upgrade.MDRActionUpgrade in 10 ms
2018-09-20 18:17:30.875 INFO  [main][UpgradeProcess:93] Upgrading com.liferay.mobile.device.rules.web.internal.upgrade.MDRRuleUpgrade
2018-09-20 18:17:30.877 INFO  [main][UpgradeProcess:107] Completed upgrade process com.liferay.mobile.device.rules.web.internal.upgrade.MDRRuleUpgrade in 2 ms
2018-09-20 18:17:30.887 INFO  [main][UpgradeProcess:93] Upgrading com.liferay.mobile.device.rules.web.internal.upgrade.MDRActionUpgrade
2018-09-20 18:17:30.891 INFO  [main][UpgradeProcess:107] Completed upgrade process com.liferay.mobile.device.rules.web.internal.upgrade.MDRActionUpgrade in 4 ms
2018-09-20 18:17:30.904 INFO  [main][UpgradeProcess:93] Upgrading com.liferay.mobile.device.rules.web.internal.upgrade.MDRRuleUpgrade
2018-09-20 18:17:30.905 INFO  [main][UpgradeProcess:107] Completed upgrade process com.liferay.mobile.device.rules.web.internal.upgrade.MDRRuleUpgrade in 1 ms
2018-09-20 18:17:30.964 INFO  [main][UpgradeProcess:93] Upgrading com.liferay.adaptive.media.document.library.thumbnails.internal.upgrade.v1_0_0.UpgradeDocumentLibraryThumbnailsConfiguration
2018-09-20 18:17:30.966 INFO  [main][LoggingTimer:83] Starting com.liferay.adaptive.media.document.library.thumbnails.internal.upgrade.v1_0_0.UpgradeDocumentLibraryThumbnailsConfiguration#doUpgrade
2018-09-20 18:17:31.088 INFO  [main][LoggingTimer:43] Completed com.liferay.adaptive.media.document.library.thumbnails.internal.upgrade.v1_0_0.UpgradeDocumentLibraryThumbnailsConfiguration#doUpgrade in 122 ms
2018-09-20 18:17:31.090 INFO  [main][UpgradeProcess:107] Completed upgrade process com.liferay.adaptive.media.document.library.thumbnails.internal.upgrade.v1_0_0.UpgradeDocumentLibraryThumbnailsConfiguration in 126 ms
2018-09-20 18:17:31.176 INFO  [main][UpgradeProcess:93] Upgrading com.liferay.asset.publisher.web.upgrade.v1_0_1.UpgradePortletPreferences
2018-09-20 18:17:31.177 INFO  [main][LoggingTimer:83] Starting com.liferay.portal.kernel.upgrade.BaseUpgradePortletPreferences#updatePortletPreferences
2018-09-20 18:17:31.177 INFO  [main][LoggingTimer:43] Completed com.liferay.portal.kernel.upgrade.BaseUpgradePortletPreferences#updatePortletPreferences in 0 ms
2018-09-20 18:17:31.178 INFO  [main][UpgradeProcess:107] Completed upgrade process com.liferay.asset.publisher.web.upgrade.v1_0_1.UpgradePortletPreferences in 2 ms
2018-09-20 18:17:31.437 INFO  [main][UpgradeProcess:93] Upgrading com.liferay.layout.admin.web.internal.upgrade.v_1_0_1.UpgradeLayoutType
2018-09-20 18:17:31.438 INFO  [main][UpgradeProcess:107] Completed upgrade process com.liferay.layout.admin.web.internal.upgrade.v_1_0_1.UpgradeLayoutType in 1 ms
2018-09-20 18:17:31.446 INFO  [main][UpgradeProcess:93] Upgrading com.liferay.layout.admin.web.internal.upgrade.v_1_0_2.UpgradeLayoutSetTypeSettings
2018-09-20 18:17:31.447 INFO  [main][UpgradeProcess:107] Completed upgrade process com.liferay.layout.admin.web.internal.upgrade.v_1_0_2.UpgradeLayoutSetTypeSettings in 1 ms
2018-09-20 18:17:31.554 INFO  [fileinstall-/Users/paulo/Documents/eclipse-workspace/bundles/liferay-portal/osgi/war][BaseAutoDeployListener:50] Portlets for /Users/paulo/Documents/eclipse-workspace/bundles/liferay-portal/tomcat-9.0.10/temp/20180920181730713XBKZIETP/tasks-portlet.war copied successfully
2018-09-20 18:17:32.864 INFO  [fileinstall-/Users/paulo/Documents/eclipse-workspace/bundles/liferay-portal/osgi/war][BaseAutoDeployListener:43] Copying themes for /Users/paulo/Documents/eclipse-workspace/bundles/liferay-portal/tomcat-9.0.10/temp/20180920181732835HEYVFMIG/westeros-bank-theme.war
2018-09-20 18:17:32.917 INFO  [fileinstall-/Users/paulo/Documents/eclipse-workspace/bundles/liferay-portal/osgi/war][BaseDeployer:877] Deploying westeros-bank-theme.war
2018-09-20 18:17:34.956 INFO  [fileinstall-/Users/paulo/Documents/eclipse-workspace/bundles/liferay-portal/osgi/war][BaseAutoDeployListener:50] Themes for /Users/paulo/Documents/eclipse-workspace/bundles/liferay-portal/tomcat-9.0.10/temp/20180920181732835HEYVFMIG/westeros-bank-theme.war copied successfully
2018-09-20 18:17:37.764 INFO  [fileinstall-/Users/paulo/Documents/eclipse-workspace/bundles/liferay-portal/osgi/war][BundleStartStopLogger:39] STARTED porygon-theme_2.0.0 [849]
2018-09-20 18:17:39.971 INFO  [fileinstall-/Users/paulo/Documents/eclipse-workspace/bundles/liferay-portal/osgi/war][ThemeHotDeployListener:108] 1 theme for porygon-theme is available for use
2018-09-20 18:17:40.078 INFO  [fileinstall-/Users/paulo/Documents/eclipse-workspace/bundles/liferay-portal/osgi/war][BundleStartStopLogger:39] STARTED fjord-theme_2.0.12 [847]
2018-09-20 18:17:41.092 INFO  [main][ThemeHotDeployListener:108] 1 theme for classic-theme is available for use
2018-09-20 18:17:42.385 INFO  [fileinstall-/Users/paulo/Documents/eclipse-workspace/bundles/liferay-portal/osgi/war][ThemeHotDeployListener:108] 1 theme for fjord-theme is available for use
2018-09-20 18:17:42.963 INFO  [fileinstall-/Users/paulo/Documents/eclipse-workspace/bundles/liferay-portal/osgi/war][BundleStartStopLogger:39] STARTED opensocial-portlet_7.1.0.11 [848]
2018-09-20 18:17:46.975 INFO  [fileinstall-/Users/paulo/Documents/eclipse-workspace/bundles/liferay-portal/osgi/war][ServiceComponentLocalServiceImpl:606] Running OpenSocial SQL scripts
2018-09-20 18:17:49.512 INFO  [fileinstall-/Users/paulo/Documents/eclipse-workspace/bundles/liferay-portal/osgi/war][UpgradeProcess:93] Upgrading com.liferay.opensocial.hook.upgrade.UpgradeProcess_1_0_0
2018-09-20 18:17:49.513 INFO  [fileinstall-/Users/paulo/Documents/eclipse-workspace/bundles/liferay-portal/osgi/war][UpgradeProcess:93] Upgrading com.liferay.opensocial.hook.upgrade.v1_0_0.UpgradeGadget
2018-09-20 18:17:49.522 INFO  [fileinstall-/Users/paulo/Documents/eclipse-workspace/bundles/liferay-portal/osgi/war][UpgradeProcess:107] Completed upgrade process com.liferay.opensocial.hook.upgrade.v1_0_0.UpgradeGadget in 9 ms
2018-09-20 18:17:49.522 INFO  [fileinstall-/Users/paulo/Documents/eclipse-workspace/bundles/liferay-portal/osgi/war][UpgradeProcess:107] Completed upgrade process com.liferay.opensocial.hook.upgrade.UpgradeProcess_1_0_0 in 10 ms
2018-09-20 18:17:49.685 INFO  [fileinstall-/Users/paulo/Documents/eclipse-workspace/bundles/liferay-portal/osgi/war][HookHotDeployListener:521] Hook for opensocial-portlet is available for use
2018-09-20 18:17:50.339 INFO  [fileinstall-/Users/paulo/Documents/eclipse-workspace/bundles/liferay-portal/osgi/war][PortletHotDeployListener:329] 4 portlets for opensocial-portlet are available for use
2018-09-20 18:17:51.465 INFO  [fileinstall-/Users/paulo/Documents/eclipse-workspace/bundles/liferay-portal/osgi/war][BundleStartStopLogger:39] STARTED admin-theme_2.0.16 [846]
2018-09-20 18:17:52.931 INFO  [fileinstall-/Users/paulo/Documents/eclipse-workspace/bundles/liferay-portal/osgi/war][ThemeHotDeployListener:108] 1 theme for admin-theme is available for use
2018-09-20 18:17:52.991 INFO  [fileinstall-/Users/paulo/Documents/eclipse-workspace/bundles/liferay-portal/osgi/war][BundleStartStopLogger:39] STARTED westeros-bank-theme_2.0.11 [853]
2018-09-20 18:17:53.670 INFO  [main][SystemCheckOSGiCommands:54] System check is enabled. You can run a system check with the command "system:check" in Gogo shell.
2018-09-20 18:17:54.477 INFO  [fileinstall-/Users/paulo/Documents/eclipse-workspace/bundles/liferay-portal/osgi/war][ThemeHotDeployListener:108] 1 theme for westeros-bank-theme is available for use
2018-09-20 18:17:54.553 INFO  [fileinstall-/Users/paulo/Documents/eclipse-workspace/bundles/liferay-portal/osgi/war][BundleStartStopLogger:39] STARTED powwow-portlet_7.1.0.11 [850]
2018-09-20 18:17:54.965 INFO  [fileinstall-/Users/paulo/Documents/eclipse-workspace/bundles/liferay-portal/osgi/war][ServiceComponentLocalServiceImpl:606] Running Powwow SQL scripts
2018-09-20 18:17:56.275 INFO  [fileinstall-/Users/paulo/Documents/eclipse-workspace/bundles/liferay-portal/osgi/war][HookHotDeployListener:521] Hook for powwow-portlet is available for use
2018-09-20 18:17:56.572 INFO  [fileinstall-/Users/paulo/Documents/eclipse-workspace/bundles/liferay-portal/osgi/war][PortletHotDeployListener:329] 2 portlets for powwow-portlet are available for use
2018-09-20 18:17:56.652 INFO  [fileinstall-/Users/paulo/Documents/eclipse-workspace/bundles/liferay-portal/osgi/war][BundleStartStopLogger:39] STARTED social-bookmarks-hook_7.1.0.3 [851]
2018-09-20 18:17:57.041 INFO  [fileinstall-/Users/paulo/Documents/eclipse-workspace/bundles/liferay-portal/osgi/war][HookHotDeployListener:521] Hook for social-bookmarks-hook is available for use
2018-09-20 18:17:57.119 INFO  [fileinstall-/Users/paulo/Documents/eclipse-workspace/bundles/liferay-portal/osgi/war][BundleStartStopLogger:39] STARTED tasks-portlet_7.1.0.8 [852]
2018-09-20 18:17:57.611 INFO  [fileinstall-/Users/paulo/Documents/eclipse-workspace/bundles/liferay-portal/osgi/war][ServiceComponentLocalServiceImpl:606] Running TMS SQL scripts
2018-09-20 18:17:58.224 INFO  [fileinstall-/Users/paulo/Documents/eclipse-workspace/bundles/liferay-portal/osgi/war][HookHotDeployListener:521] Hook for tasks-portlet is available for use
2018-09-20 18:17:58.384 INFO  [fileinstall-/Users/paulo/Documents/eclipse-workspace/bundles/liferay-portal/osgi/war][PortletHotDeployListener:329] 2 portlets for tasks-portlet are available for use
2018-09-20 18:32:39.656 INFO  [Thread-47][PortletHotDeployListener:429] 2 portlets for powwow-portlet were unregistered
2018-09-20 18:32:39.686 INFO  [Thread-47][HookHotDeployListener:569] Hook for powwow-portlet was unregistered
2018-09-20 18:32:39.827 INFO  [Thread-47][ThemeHotDeployListener:170] 1 theme for porygon-theme was unregistered
2018-09-20 18:32:40.119 INFO  [Thread-47][ThemeHotDeployListener:170] 1 theme for admin-theme was unregistered
2018-09-20 18:32:40.219 INFO  [Thread-47][PortletHotDeployListener:429] 2 portlets for tasks-portlet were unregistered
2018-09-20 18:32:40.260 INFO  [Thread-47][HookHotDeployListener:569] Hook for tasks-portlet was unregistered
2018-09-20 18:32:40.650 INFO  [Thread-47][ThemeHotDeployListener:170] 1 theme for fjord-theme was unregistered
2018-09-20 18:32:40.858 INFO  [Thread-47][ThemeHotDeployListener:170] 1 theme for classic-theme was unregistered
2018-09-20 18:32:40.932 INFO  [Thread-47][PortletHotDeployListener:429] 4 portlets for opensocial-portlet were unregistered
2018-09-20 18:32:40.949 INFO  [Thread-47][HookHotDeployListener:569] Hook for opensocial-portlet was unregistered
2018-09-20 18:32:41.090 INFO  [Thread-47][ThemeHotDeployListener:170] 1 theme for westeros-bank-theme was unregistered
2018-09-20 18:32:41.277 INFO  [Thread-47][HookHotDeployListener:569] Hook for social-bookmarks-hook was unregistered
2018-09-20 20:06:36.823 INFO  [main][DialectDetector:158] Using dialect org.hibernate.dialect.MySQLDialect for MySQL 5.7
2018-09-20 20:06:38.905 INFO  [main][ModuleFrameworkImpl:1292] Starting initial bundles
2018-09-20 20:06:40.413 INFO  [main][ModuleFrameworkImpl:1555] Started initial bundles
2018-09-20 20:06:40.415 INFO  [main][ModuleFrameworkImpl:1590] Starting dynamic bundles
2018-09-20 20:06:48.328 INFO  [main][ModuleFrameworkImpl:1679] Started dynamic bundles
2018-09-20 20:06:48.330 INFO  [main][ModuleFrameworkImpl:414] Navigate to Control Panel > Configuration > Gogo Shell and enter "lb" to see all bundles
2018-09-20 20:06:54.417 WARN  [Elasticsearch initialization thread][EmbeddedElasticsearchConnection:286] Liferay is configured to use embedded Elasticsearch as its search engine. Do NOT use embedded Elasticsearch in production. Embedded Elasticsearch is useful for development and demonstration purposes. Remote Elasticsearch connections can be configured in the Control Panel.
2018-09-20 20:07:00.217 INFO  [main][StartupHelper:72] There are no patches installed
2018-09-20 20:07:01.399 INFO  [main][AutoDeployDir:193] Auto deploy scanner started for /Users/paulo/Documents/eclipse-workspace/bundles/liferay-portal/deploy
2018-09-20 20:07:37.288 INFO  [main][ThemeHotDeployListener:108] 1 theme for classic-theme is available for use
2018-09-20 20:07:37.722 INFO  [main][ThemeHotDeployListener:108] 1 theme for admin-theme is available for use
2018-09-20 20:07:38.147 INFO  [main][ThemeHotDeployListener:108] 1 theme for fjord-theme is available for use
2018-09-20 20:07:43.136 INFO  [main][HookHotDeployListener:521] Hook for opensocial-portlet is available for use
2018-09-20 20:07:43.600 INFO  [main][PortletHotDeployListener:329] 4 portlets for opensocial-portlet are available for use
2018-09-20 20:07:44.543 INFO  [main][ThemeHotDeployListener:108] 1 theme for porygon-theme is available for use
2018-09-20 20:07:45.086 INFO  [main][HookHotDeployListener:521] Hook for powwow-portlet is available for use
2018-09-20 20:07:45.204 INFO  [main][PortletHotDeployListener:329] 2 portlets for powwow-portlet are available for use
2018-09-20 20:07:45.450 INFO  [main][HookHotDeployListener:521] Hook for social-bookmarks-hook is available for use
2018-09-20 20:07:45.900 INFO  [main][HookHotDeployListener:521] Hook for tasks-portlet is available for use
2018-09-20 20:07:45.996 INFO  [main][PortletHotDeployListener:329] 2 portlets for tasks-portlet are available for use
2018-09-20 20:07:46.502 INFO  [main][ThemeHotDeployListener:108] 1 theme for westeros-bank-theme is available for use
2018-09-20 20:07:46.538 INFO  [main][SystemCheckOSGiCommands:54] System check is enabled. You can run a system check with the command "system:check" in Gogo shell.
2018-09-20 21:25:22.114 WARN  [HikariPool-1 housekeeper][HikariPool:686] HikariPool-1 - Thread starvation or clock leap detected (housekeeper delta=6m14s986ms).
2018-09-20 21:25:27.975 WARN  [HikariPool-2 housekeeper][HikariPool:686] HikariPool-2 - Thread starvation or clock leap detected (housekeeper delta=6m18s976ms).
2018-09-20 21:35:45.959 WARN  [HikariPool-1 housekeeper][HikariPool:686] HikariPool-1 - Thread starvation or clock leap detected (housekeeper delta=9m49s844ms).
2018-09-20 21:35:47.828 WARN  [HikariPool-2 housekeeper][HikariPool:686] HikariPool-2 - Thread starvation or clock leap detected (housekeeper delta=9m49s848ms).
2018-09-20 22:09:59.071 WARN  [HikariPool-1 housekeeper][HikariPool:686] HikariPool-1 - Thread starvation or clock leap detected (housekeeper delta=33m43s106ms).
2018-09-20 22:10:00.944 WARN  [HikariPool-2 housekeeper][HikariPool:686] HikariPool-2 - Thread starvation or clock leap detected (housekeeper delta=33m43s106ms).
2018-09-20 22:31:03.311 WARN  [HikariPool-1 housekeeper][HikariPool:686] HikariPool-1 - Thread starvation or clock leap detected (housekeeper delta=20m34s233ms).
2018-09-20 22:31:05.185 WARN  [HikariPool-2 housekeeper][HikariPool:686] HikariPool-2 - Thread starvation or clock leap detected (housekeeper delta=20m34s231ms).
